[2023-02-04 14:15:29.104 +04:00  INF]  User profile is available. Using 'C:\Users\User\AppData\Local\ASP.NET\DataProtection-Keys' as key repository and Windows DPAPI to encrypt keys at rest.
[2023-02-04 14:15:31.648 +04:00  INF]  Executed DbCommand (87ms) [Parameters=[@__normalizedName_0='?' (Size = 256)], CommandType='"Text"', CommandTimeout='30']
SELECT TOP(1) [a].[Id], [a].[ConcurrencyStamp], [a].[Name], [a].[NormalizedName]
FROM [AspNetRoles] AS [a]
WHERE [a].[NormalizedName] = @__normalizedName_0
[2023-02-04 14:15:31.803 +04:00  INF]  Executed DbCommand (8ms) [Parameters=[@__normalizedEmail_0='?' (Size = 256)], CommandType='"Text"', CommandTimeout='30']
SELECT TOP(2) [a].[Id], [a].[AccessFailedCount], [a].[Active], [a].[Balance], [a].[ConcurrencyStamp], [a].[CreatedTime], [a].[Email], [a].[EmailConfirmed], [a].[LocationId], [a].[LockoutEnabled], [a].[LockoutEnd], [a].[Name], [a].[NormalizedEmail], [a].[NormalizedUserName], [a].[PasswordHash], [a].[PhoneNumber], [a].[PhoneNumberConfirmed], [a].[SavedFileName], [a].[SavedUrl], [a].[SecurityStamp], [a].[SignedUrl], [a].[Surname], [a].[TwoFactorEnabled], [a].[UpdatedTime], [a].[UserName]
FROM [AspNetUsers] AS [a]
WHERE [a].[NormalizedEmail] = @__normalizedEmail_0
[2023-02-04 14:15:32.060 +04:00  INF]  Executed DbCommand (4ms) [Parameters=[], CommandType='"Text"', CommandTimeout='30']
SELECT COUNT(*)
FROM [ClientOrders] AS [c]
[2023-02-04 14:15:32.072 +04:00  INF]  Now listening on: https://localhost:7254
[2023-02-04 14:15:32.074 +04:00  INF]  Now listening on: http://localhost:5254
[2023-02-04 14:15:32.082 +04:00  INF]  Application started. Press Ctrl+C to shut down.
[2023-02-04 14:15:32.084 +04:00  INF]  Hosting environment: Development
[2023-02-04 14:15:32.086 +04:00  INF]  Content root path: C:\Users\User\Desktop\New folder (3)\Presentation\InstantBites.MVC\
[2023-02-04 14:15:32.649 +04:00  INF]  Request starting HTTP/2 GET https://localhost:7254/ - -
[2023-02-04 14:15:32.780 +04:00  INF]  Executed DbCommand (1ms) [Parameters=[@__p_0='?' (Size = 450)], CommandType='"Text"', CommandTimeout='30']
SELECT TOP(1) [a].[Id], [a].[AccessFailedCount], [a].[Active], [a].[Balance], [a].[ConcurrencyStamp], [a].[CreatedTime], [a].[Email], [a].[EmailConfirmed], [a].[LocationId], [a].[LockoutEnabled], [a].[LockoutEnd], [a].[Name], [a].[NormalizedEmail], [a].[NormalizedUserName], [a].[PasswordHash], [a].[PhoneNumber], [a].[PhoneNumberConfirmed], [a].[SavedFileName], [a].[SavedUrl], [a].[SecurityStamp], [a].[SignedUrl], [a].[Surname], [a].[TwoFactorEnabled], [a].[UpdatedTime], [a].[UserName]
FROM [AspNetUsers] AS [a]
WHERE [a].[Id] = @__p_0
[2023-02-04 14:15:32.852 +04:00  INF]  Executed DbCommand (1ms) [Parameters=[@__user_Id_0='?' (Size = 450)], CommandType='"Text"', CommandTimeout='30']
SELECT [a].[Id], [a].[ClaimType], [a].[ClaimValue], [a].[UserId]
FROM [AspNetUserClaims] AS [a]
WHERE [a].[UserId] = @__user_Id_0
[2023-02-04 14:15:32.889 +04:00  INF]  Executed DbCommand (2ms) [Parameters=[@__userId_0='?' (Size = 450)], CommandType='"Text"', CommandTimeout='30']
SELECT [a0].[Name]
FROM [AspNetUserRoles] AS [a]
INNER JOIN [AspNetRoles] AS [a0] ON [a].[RoleId] = [a0].[Id]
WHERE [a].[UserId] = @__userId_0
[2023-02-04 14:15:32.896 +04:00  INF]  Executed DbCommand (1ms) [Parameters=[@__normalizedName_0='?' (Size = 256)], CommandType='"Text"', CommandTimeout='30']
SELECT TOP(1) [a].[Id], [a].[ConcurrencyStamp], [a].[Name], [a].[NormalizedName]
FROM [AspNetRoles] AS [a]
WHERE [a].[NormalizedName] = @__normalizedName_0
[2023-02-04 14:15:32.907 +04:00  INF]  Executed DbCommand (2ms) [Parameters=[@__role_Id_0='?' (Size = 450)], CommandType='"Text"', CommandTimeout='30']
SELECT [a].[ClaimType], [a].[ClaimValue]
FROM [AspNetRoleClaims] AS [a]
WHERE [a].[RoleId] = @__role_Id_0
[2023-02-04 14:15:32.919 +04:00  INF]  Executing endpoint 'InstantBites.MVC.Controllers.HomeController.Index (InstantBites.MVC)'
[2023-02-04 14:15:32.936 +04:00  INF]  Route matched with {action = "Index", controller = "Home", area = ""}. Executing controller action with signature System.Threading.Tasks.Task`1[Microsoft.AspNetCore.Mvc.IActionResult] Index() on controller InstantBites.MVC.Controllers.HomeController (InstantBites.MVC).
[2023-02-04 14:15:32.944 +04:00  INF]  Executed action InstantBites.MVC.Controllers.HomeController.Index (InstantBites.MVC) in 3.8315ms
[2023-02-04 14:15:32.946 +04:00  INF]  Executed endpoint 'InstantBites.MVC.Controllers.HomeController.Index (InstantBites.MVC)'
[2023-02-04 14:15:33.010 +04:00  ERR]  An unhandled exception has occurred while executing the request.
System.InvalidOperationException: Unable to resolve service for type 'Microsoft.Extensions.Logging.Logger`1[InstantBites.MVC.Controllers.HomeController]' while attempting to activate 'InstantBites.MVC.Controllers.HomeController'.
   at Microsoft.Extensions.DependencyInjection.ActivatorUtilities.GetService(IServiceProvider sp, Type type, Type requiredBy, Boolean isDefaultParameterRequired)
   at lambda_method233(Closure , IServiceProvider , Object[] )
   at Microsoft.AspNetCore.Mvc.Controllers.ControllerActivatorProvider.<>c__DisplayClass7_0.<CreateActivator>b__0(ControllerContext controllerContext)
   at Microsoft.AspNetCore.Mvc.Controllers.ControllerFactoryProvider.<>c__DisplayClass6_0.<CreateControllerFactory>g__CreateController|0(ControllerContext controllerContext)
   at Microsoft.AspNetCore.Mvc.Infrastructure.ControllerActionInvoker.Next(State& next, Scope& scope, Object& state, Boolean& isCompleted)
   at Microsoft.AspNetCore.Mvc.Infrastructure.ControllerActionInvoker.InvokeInnerFilterAsync()
--- End of stack trace from previous location ---
   at Microsoft.AspNetCore.Mvc.Infrastructure.ResourceInvoker.<InvokeNextResourceFilter>g__Awaited|25_0(ResourceInvoker invoker, Task lastTask, State next, Scope scope, Object state, Boolean isCompleted)
   at Microsoft.AspNetCore.Mvc.Infrastructure.ResourceInvoker.Rethrow(ResourceExecutedContextSealed context)
   at Microsoft.AspNetCore.Mvc.Infrastructure.ResourceInvoker.Next(State& next, Scope& scope, Object& state, Boolean& isCompleted)
   at Microsoft.AspNetCore.Mvc.Infrastructure.ResourceInvoker.InvokeFilterPipelineAsync()
--- End of stack trace from previous location ---
   at Microsoft.AspNetCore.Mvc.Infrastructure.ResourceInvoker.<InvokeAsync>g__Logged|17_1(ResourceInvoker invoker)
   at Microsoft.AspNetCore.Mvc.Infrastructure.ResourceInvoker.<InvokeAsync>g__Logged|17_1(ResourceInvoker invoker)
   at Microsoft.AspNetCore.Routing.EndpointMiddleware.<Invoke>g__AwaitRequestTask|6_0(Endpoint endpoint, Task requestTask, ILogger logger)
   at Microsoft.AspNetCore.Authorization.AuthorizationMiddleware.Invoke(HttpContext context)
   at Microsoft.AspNetCore.Authentication.AuthenticationMiddleware.Invoke(HttpContext context)
   at Microsoft.AspNetCore.Diagnostics.DeveloperExceptionPageMiddleware.Invoke(HttpContext context)
[2023-02-04 14:15:33.185 +04:00  INF]  Request finished HTTP/2 GET https://localhost:7254/ - - - 500 - text/html;+charset=utf-8 539.6208ms
[2023-02-04 14:15:33.206 +04:00  INF]  Request starting HTTP/2 GET https://localhost:7254/_vs/browserLink - -
[2023-02-04 14:15:33.216 +04:00  INF]  Request starting HTTP/2 GET https://localhost:7254/_framework/aspnetcore-browser-refresh.js - -
[2023-02-04 14:15:33.222 +04:00  INF]  Request finished HTTP/2 GET https://localhost:7254/_framework/aspnetcore-browser-refresh.js - - - 200 12002 application/javascript;+charset=utf-8 5.2626ms
[2023-02-04 14:15:33.226 +04:00  INF]  Request finished HTTP/2 GET https://localhost:7254/_vs/browserLink - - - 200 - text/javascript;+charset=UTF-8 19.7742ms
[2023-02-04 22:25:59.623 +04:00  INF]  User profile is available. Using 'C:\Users\User\AppData\Local\ASP.NET\DataProtection-Keys' as key repository and Windows DPAPI to encrypt keys at rest.
[2023-02-04 22:26:02.619 +04:00  INF]  Executed DbCommand (74ms) [Parameters=[@__normalizedName_0='?' (Size = 256)], CommandType='"Text"', CommandTimeout='30']
SELECT TOP(1) [a].[Id], [a].[ConcurrencyStamp], [a].[Name], [a].[NormalizedName]
FROM [AspNetRoles] AS [a]
WHERE [a].[NormalizedName] = @__normalizedName_0
[2023-02-04 22:26:02.738 +04:00  INF]  Executed DbCommand (8ms) [Parameters=[@__normalizedEmail_0='?' (Size = 256)], CommandType='"Text"', CommandTimeout='30']
SELECT TOP(2) [a].[Id], [a].[AccessFailedCount], [a].[Active], [a].[Balance], [a].[ConcurrencyStamp], [a].[CreatedTime], [a].[Email], [a].[EmailConfirmed], [a].[LocationId], [a].[LockoutEnabled], [a].[LockoutEnd], [a].[Name], [a].[NormalizedEmail], [a].[NormalizedUserName], [a].[PasswordHash], [a].[PhoneNumber], [a].[PhoneNumberConfirmed], [a].[SavedFileName], [a].[SavedUrl], [a].[SecurityStamp], [a].[SignedUrl], [a].[Surname], [a].[TwoFactorEnabled], [a].[UpdatedTime], [a].[UserName]
FROM [AspNetUsers] AS [a]
WHERE [a].[NormalizedEmail] = @__normalizedEmail_0
[2023-02-04 22:26:03.079 +04:00  INF]  Executed DbCommand (9ms) [Parameters=[], CommandType='"Text"', CommandTimeout='30']
SELECT COUNT(*)
FROM [ClientOrders] AS [c]
[2023-02-04 22:26:03.118 +04:00  INF]  Now listening on: https://localhost:7254
[2023-02-04 22:26:03.120 +04:00  INF]  Now listening on: http://localhost:5254
[2023-02-04 22:26:03.127 +04:00  INF]  Application started. Press Ctrl+C to shut down.
[2023-02-04 22:26:03.130 +04:00  INF]  Hosting environment: Development
[2023-02-04 22:26:03.132 +04:00  INF]  Content root path: C:\Users\User\Desktop\New folder (3)\Presentation\InstantBites.MVC\
[2023-02-04 22:26:06.049 +04:00  INF]  Request starting HTTP/2 GET https://localhost:7254/ - -
[2023-02-04 22:26:06.846 +04:00  INF]  Executed DbCommand (2ms) [Parameters=[@__p_0='?' (Size = 450)], CommandType='"Text"', CommandTimeout='30']
SELECT TOP(1) [a].[Id], [a].[AccessFailedCount], [a].[Active], [a].[Balance], [a].[ConcurrencyStamp], [a].[CreatedTime], [a].[Email], [a].[EmailConfirmed], [a].[LocationId], [a].[LockoutEnabled], [a].[LockoutEnd], [a].[Name], [a].[NormalizedEmail], [a].[NormalizedUserName], [a].[PasswordHash], [a].[PhoneNumber], [a].[PhoneNumberConfirmed], [a].[SavedFileName], [a].[SavedUrl], [a].[SecurityStamp], [a].[SignedUrl], [a].[Surname], [a].[TwoFactorEnabled], [a].[UpdatedTime], [a].[UserName]
FROM [AspNetUsers] AS [a]
WHERE [a].[Id] = @__p_0
[2023-02-04 22:26:07.038 +04:00  INF]  Executed DbCommand (2ms) [Parameters=[@__user_Id_0='?' (Size = 450)], CommandType='"Text"', CommandTimeout='30']
SELECT [a].[Id], [a].[ClaimType], [a].[ClaimValue], [a].[UserId]
FROM [AspNetUserClaims] AS [a]
WHERE [a].[UserId] = @__user_Id_0
[2023-02-04 22:26:07.141 +04:00  INF]  Executed DbCommand (25ms) [Parameters=[@__userId_0='?' (Size = 450)], CommandType='"Text"', CommandTimeout='30']
SELECT [a0].[Name]
FROM [AspNetUserRoles] AS [a]
INNER JOIN [AspNetRoles] AS [a0] ON [a].[RoleId] = [a0].[Id]
WHERE [a].[UserId] = @__userId_0
[2023-02-04 22:26:07.148 +04:00  INF]  Executed DbCommand (1ms) [Parameters=[@__normalizedName_0='?' (Size = 256)], CommandType='"Text"', CommandTimeout='30']
SELECT TOP(1) [a].[Id], [a].[ConcurrencyStamp], [a].[Name], [a].[NormalizedName]
FROM [AspNetRoles] AS [a]
WHERE [a].[NormalizedName] = @__normalizedName_0
[2023-02-04 22:26:07.157 +04:00  INF]  Executed DbCommand (1ms) [Parameters=[@__role_Id_0='?' (Size = 450)], CommandType='"Text"', CommandTimeout='30']
SELECT [a].[ClaimType], [a].[ClaimValue]
FROM [AspNetRoleClaims] AS [a]
WHERE [a].[RoleId] = @__role_Id_0
[2023-02-04 22:26:07.168 +04:00  INF]  Executing endpoint 'InstantBites.MVC.Controllers.HomeController.Index (InstantBites.MVC)'
[2023-02-04 22:26:07.205 +04:00  INF]  Route matched with {action = "Index", controller = "Home", area = ""}. Executing controller action with signature System.Threading.Tasks.Task`1[Microsoft.AspNetCore.Mvc.IActionResult] Index() on controller InstantBites.MVC.Controllers.HomeController (InstantBites.MVC).
[2023-02-04 22:26:11.687 +04:00  INF]  Executed DbCommand (1ms) [Parameters=[], CommandType='"Text"', CommandTimeout='30']
SELECT [a].[Id], [a].[AccessFailedCount], [a].[Active], [a].[Balance], [a].[ConcurrencyStamp], [a].[CreatedTime], [a].[Email], [a].[EmailConfirmed], [a].[LocationId], [a].[LockoutEnabled], [a].[LockoutEnd], [a].[Name], [a].[NormalizedEmail], [a].[NormalizedUserName], [a].[PasswordHash], [a].[PhoneNumber], [a].[PhoneNumberConfirmed], [a].[SavedFileName], [a].[SavedUrl], [a].[SecurityStamp], [a].[SignedUrl], [a].[Surname], [a].[TwoFactorEnabled], [a].[UpdatedTime], [a].[UserName]
FROM [AspNetUsers] AS [a]
[2023-02-04 22:26:11.744 +04:00  INF]  Executed DbCommand (42ms) [Parameters=[], CommandType='"Text"', CommandTimeout='30']
SELECT [o].[Id], [o].[CategoryId], [o].[CreatedTime], [o].[Name], [o].[Price], [o].[RestaurantId], [o].[SavedFileName], [o].[SavedUrl], [o].[SignedUrl], [o].[TotalCalories], [o].[TotalWeight], [o].[UpdatedTime]
FROM [Orders] AS [o]
[2023-02-04 22:26:12.538 +04:00  INF]  Executed DbCommand (47ms) [Parameters=[], CommandType='"Text"', CommandTimeout='30']
SELECT [m].[Id], [m].[Calories], [m].[CreatedTime], [m].[MealCategoryId], [m].[Name], [m].[SavedFileName], [m].[SavedUrl], [m].[SignedUrl], [m].[UpdatedTime], [m].[Weight]
FROM [Meals] AS [m]
[2023-02-04 22:26:12.605 +04:00  INF]  Executed DbCommand (48ms) [Parameters=[], CommandType='"Text"', CommandTimeout='30']
SELECT [r].[Id], [r].[CreatedTime], [r].[LocationId], [r].[Name], [r].[SavedFileName], [r].[SavedUrl], [r].[SignedUrl], [r].[UpdatedTime]
FROM [Restaurants] AS [r]
[2023-02-04 22:26:13.036 +04:00  INF]  Executed DbCommand (202ms) [Parameters=[@p24='?' (Size = 450), @p0='?' (DbType = Int32), @p1='?' (DbType = Boolean), @p2='?' (DbType = Double), @p3='?' (Size = 4000), @p25='?' (Size = 4000), @p4='?' (DbType = DateTime2), @p5='?' (Size = 256), @p6='?' (DbType = Boolean), @p7='?' (DbType = Guid), @p8='?' (DbType = Boolean), @p9='?' (DbType = DateTimeOffset), @p10='?' (Size = 4000), @p11='?' (Size = 256), @p12='?' (Size = 256), @p13='?' (Size = 4000), @p14='?' (Size = 4000), @p15='?' (DbType = Boolean), @p16='?' (Size = 4000), @p17='?' (Size = 4000), @p18='?' (Size = 4000), @p19='?' (Size = 4000), @p20='?' (Size = 4000), @p21='?' (DbType = Boolean), @p22='?' (DbType = DateTime2), @p23='?' (Size = 256), @p50='?' (Size = 450), @p26='?' (DbType = Int32), @p27='?' (DbType = Boolean), @p28='?' (DbType = Double), @p29='?' (Size = 4000), @p51='?' (Size = 4000), @p30='?' (DbType = DateTime2), @p31='?' (Size = 256), @p32='?' (DbType = Boolean), @p33='?' (DbType = Guid), @p34='?' (DbType = Boolean), @p35='?' (DbType = DateTimeOffset), @p36='?' (Size = 4000), @p37='?' (Size = 256), @p38='?' (Size = 256), @p39='?' (Size = 4000), @p40='?' (Size = 4000), @p41='?' (DbType = Boolean), @p42='?' (Size = 4000), @p43='?' (Size = 4000), @p44='?' (Size = 4000), @p45='?' (Size = 4000), @p46='?' (Size = 4000), @p47='?' (DbType = Boolean), @p48='?' (DbType = DateTime2), @p49='?' (Size = 256), @p61='?' (DbType = Guid), @p52='?' (DbType = Double), @p53='?' (DbType = DateTime2), @p54='?' (DbType = Guid), @p55='?' (Size = 4000), @p56='?' (Size = 4000), @p57='?' (Size = 4000), @p58='?' (Size = 4000), @p59='?' (DbType = DateTime2), @p60='?' (DbType = Double), @p73='?' (DbType = Guid), @p62='?' (DbType = Guid), @p63='?' (DbType = DateTime2), @p64='?' (Size = 4000), @p65='?' (DbType = Double), @p66='?' (DbType = Guid), @p67='?' (Size = 4000), @p68='?' (Size = 4000), @p69='?' (Size = 4000), @p70='?' (DbType = Double), @p71='?' (DbType = Double), @p72='?' (DbType = DateTime2), @p81='?' (DbType = Guid), @p74='?' (DbType = DateTime2), @p75='?' (DbType = Guid), @p76='?' (Size = 4000), @p77='?' (Size = 4000), @p78='?' (Size = 4000), @p79='?' (Size = 4000), @p80='?' (DbType = DateTime2)], CommandType='"Text"', CommandTimeout='30']
SET NOCOUNT ON;
UPDATE [AspNetUsers] SET [AccessFailedCount] = @p0, [Active] = @p1, [Balance] = @p2, [ConcurrencyStamp] = @p3, [CreatedTime] = @p4, [Email] = @p5, [EmailConfirmed] = @p6, [LocationId] = @p7, [LockoutEnabled] = @p8, [LockoutEnd] = @p9, [Name] = @p10, [NormalizedEmail] = @p11, [NormalizedUserName] = @p12, [PasswordHash] = @p13, [PhoneNumber] = @p14, [PhoneNumberConfirmed] = @p15, [SavedFileName] = @p16, [SavedUrl] = @p17, [SecurityStamp] = @p18, [SignedUrl] = @p19, [Surname] = @p20, [TwoFactorEnabled] = @p21, [UpdatedTime] = @p22, [UserName] = @p23
OUTPUT 1
WHERE [Id] = @p24 AND [ConcurrencyStamp] = @p25;
UPDATE [AspNetUsers] SET [AccessFailedCount] = @p26, [Active] = @p27, [Balance] = @p28, [ConcurrencyStamp] = @p29, [CreatedTime] = @p30, [Email] = @p31, [EmailConfirmed] = @p32, [LocationId] = @p33, [LockoutEnabled] = @p34, [LockoutEnd] = @p35, [Name] = @p36, [NormalizedEmail] = @p37, [NormalizedUserName] = @p38, [PasswordHash] = @p39, [PhoneNumber] = @p40, [PhoneNumberConfirmed] = @p41, [SavedFileName] = @p42, [SavedUrl] = @p43, [SecurityStamp] = @p44, [SignedUrl] = @p45, [Surname] = @p46, [TwoFactorEnabled] = @p47, [UpdatedTime] = @p48, [UserName] = @p49
OUTPUT 1
WHERE [Id] = @p50 AND [ConcurrencyStamp] = @p51;
UPDATE [Meals] SET [Calories] = @p52, [CreatedTime] = @p53, [MealCategoryId] = @p54, [Name] = @p55, [SavedFileName] = @p56, [SavedUrl] = @p57, [SignedUrl] = @p58, [UpdatedTime] = @p59, [Weight] = @p60
OUTPUT 1
WHERE [Id] = @p61;
UPDATE [Orders] SET [CategoryId] = @p62, [CreatedTime] = @p63, [Name] = @p64, [Price] = @p65, [RestaurantId] = @p66, [SavedFileName] = @p67, [SavedUrl] = @p68, [SignedUrl] = @p69, [TotalCalories] = @p70, [TotalWeight] = @p71, [UpdatedTime] = @p72
OUTPUT 1
WHERE [Id] = @p73;
UPDATE [Restaurants] SET [CreatedTime] = @p74, [LocationId] = @p75, [Name] = @p76, [SavedFileName] = @p77, [SavedUrl] = @p78, [SignedUrl] = @p79, [UpdatedTime] = @p80
OUTPUT 1
WHERE [Id] = @p81;
[2023-02-04 22:26:13.090 +04:00  INF]  Executed DbCommand (0ms) [Parameters=[], CommandType='"Text"', CommandTimeout='30']
SELECT [o].[Id], [o].[CategoryId], [o].[CreatedTime], [o].[Name], [o].[Price], [o].[RestaurantId], [o].[SavedFileName], [o].[SavedUrl], [o].[SignedUrl], [o].[TotalCalories], [o].[TotalWeight], [o].[UpdatedTime]
FROM [Orders] AS [o]
[2023-02-04 22:26:13.135 +04:00  INF]  Executing ViewResult, running view Index.
[2023-02-04 22:26:13.203 +04:00  ERR]  The view 'Index' was not found. Searched locations: ["/Views/Home/Index.cshtml","/Views/Shared/Index.cshtml"]
[2023-02-04 22:26:13.387 +04:00  INF]  Executed action InstantBites.MVC.Controllers.HomeController.Index (InstantBites.MVC) in 6176.2786ms
[2023-02-04 22:26:13.469 +04:00  INF]  Executed endpoint 'InstantBites.MVC.Controllers.HomeController.Index (InstantBites.MVC)'
[2023-02-04 22:26:16.301 +04:00  ERR]  An unhandled exception has occurred while executing the request.
System.InvalidOperationException: The view 'Index' was not found. The following locations were searched:
/Views/Home/Index.cshtml
/Views/Shared/Index.cshtml
   at Microsoft.AspNetCore.Mvc.ViewEngines.ViewEngineResult.EnsureSuccessful(IEnumerable`1 originalLocations)
   at Microsoft.AspNetCore.Mvc.ViewFeatures.ViewResultExecutor.ExecuteAsync(ActionContext context, ViewResult result)
   at Microsoft.AspNetCore.Mvc.ViewResult.ExecuteResultAsync(ActionContext context)
   at Microsoft.AspNetCore.Mvc.Infrastructure.ResourceInvoker.<InvokeNextResultFilterAsync>g__Awaited|30_0[TFilter,TFilterAsync](ResourceInvoker invoker, Task lastTask, State next, Scope scope, Object state, Boolean isCompleted)
   at Microsoft.AspNetCore.Mvc.Infrastructure.ResourceInvoker.Rethrow(ResultExecutedContextSealed context)
   at Microsoft.AspNetCore.Mvc.Infrastructure.ResourceInvoker.ResultNext[TFilter,TFilterAsync](State& next, Scope& scope, Object& state, Boolean& isCompleted)
   at Microsoft.AspNetCore.Mvc.Infrastructure.ResourceInvoker.InvokeResultFilters()
--- End of stack trace from previous location ---
   at Microsoft.AspNetCore.Mvc.Infrastructure.ResourceInvoker.<InvokeNextResourceFilter>g__Awaited|25_0(ResourceInvoker invoker, Task lastTask, State next, Scope scope, Object state, Boolean isCompleted)
   at Microsoft.AspNetCore.Mvc.Infrastructure.ResourceInvoker.Rethrow(ResourceExecutedContextSealed context)
   at Microsoft.AspNetCore.Mvc.Infrastructure.ResourceInvoker.Next(State& next, Scope& scope, Object& state, Boolean& isCompleted)
   at Microsoft.AspNetCore.Mvc.Infrastructure.ResourceInvoker.<InvokeFilterPipelineAsync>g__Awaited|20_0(ResourceInvoker invoker, Task lastTask, State next, Scope scope, Object state, Boolean isCompleted)
   at Microsoft.AspNetCore.Mvc.Infrastructure.ResourceInvoker.<InvokeAsync>g__Logged|17_1(ResourceInvoker invoker)
   at Microsoft.AspNetCore.Mvc.Infrastructure.ResourceInvoker.<InvokeAsync>g__Logged|17_1(ResourceInvoker invoker)
   at Microsoft.AspNetCore.Routing.EndpointMiddleware.<Invoke>g__AwaitRequestTask|6_0(Endpoint endpoint, Task requestTask, ILogger logger)
   at Microsoft.AspNetCore.Authorization.AuthorizationMiddleware.Invoke(HttpContext context)
   at Microsoft.AspNetCore.Authentication.AuthenticationMiddleware.Invoke(HttpContext context)
   at Microsoft.AspNetCore.Diagnostics.DeveloperExceptionPageMiddleware.Invoke(HttpContext context)
[2023-02-04 22:26:16.497 +04:00  INF]  Request starting HTTP/2 GET https://localhost:7254/_framework/aspnetcore-browser-refresh.js - -
[2023-02-04 22:26:16.497 +04:00  INF]  Request starting HTTP/2 GET https://localhost:7254/_vs/browserLink - -
[2023-02-04 22:26:16.505 +04:00  INF]  Request finished HTTP/2 GET https://localhost:7254/_framework/aspnetcore-browser-refresh.js - - - 200 12002 application/javascript;+charset=utf-8 6.8899ms
[2023-02-04 22:26:16.521 +04:00  INF]  Request finished HTTP/2 GET https://localhost:7254/ - - - 500 - text/html;+charset=utf-8 10475.0700ms
[2023-02-04 22:26:16.559 +04:00  INF]  Request finished HTTP/2 GET https://localhost:7254/_vs/browserLink - - - 200 - text/javascript;+charset=UTF-8 62.6019ms
