[2023-02-15 22:24:01.561 +04:00  INF]  User profile is available. Using 'C:\Users\User\AppData\Local\ASP.NET\DataProtection-Keys' as key repository and Windows DPAPI to encrypt keys at rest.
[2023-02-15 22:24:04.851 +04:00  INF]  Executed DbCommand (84ms) [Parameters=[@__normalizedName_0='?' (Size = 256)], CommandType='"Text"', CommandTimeout='30']
SELECT TOP(1) [a].[Id], [a].[ConcurrencyStamp], [a].[Name], [a].[NormalizedName]
FROM [AspNetRoles] AS [a]
WHERE [a].[NormalizedName] = @__normalizedName_0
[2023-02-15 22:24:04.976 +04:00  INF]  Executed DbCommand (7ms) [Parameters=[@__normalizedEmail_0='?' (Size = 256)], CommandType='"Text"', CommandTimeout='30']
SELECT TOP(2) [a].[Id], [a].[AccessFailedCount], [a].[Active], [a].[Balance], [a].[ClientLocationId], [a].[ConcurrencyStamp], [a].[CreatedTime], [a].[Email], [a].[EmailConfirmed], [a].[LockoutEnabled], [a].[LockoutEnd], [a].[Name], [a].[NormalizedEmail], [a].[NormalizedUserName], [a].[PasswordHash], [a].[PhoneNumber], [a].[PhoneNumberConfirmed], [a].[SavedFileName], [a].[SavedUrl], [a].[SecurityStamp], [a].[SignedUrl], [a].[Surname], [a].[TwoFactorEnabled], [a].[UpdatedTime], [a].[UserName]
FROM [AspNetUsers] AS [a]
WHERE [a].[NormalizedEmail] = @__normalizedEmail_0
[2023-02-15 22:24:13.421 +04:00  INF]  Executed DbCommand (7ms) [Parameters=[], CommandType='"Text"', CommandTimeout='30']
SELECT [c].[Id], [c].[ClientId], [c].[CreatedTime], [c].[LastSubscribedTime], [c].[OrderId], [c].[Shipping], [c].[UpdatedTime]
FROM [ClientOrders] AS [c]
[2023-02-15 22:24:13.448 +04:00  INF]  Executed DbCommand (2ms) [Parameters=[@__id_0='?' (Size = 450)], CommandType='"Text"', CommandTimeout='30']
SELECT TOP(1) [a].[Id], [a].[AccessFailedCount], [a].[Active], [a].[Balance], [a].[ClientLocationId], [a].[ConcurrencyStamp], [a].[CreatedTime], [a].[Email], [a].[EmailConfirmed], [a].[LockoutEnabled], [a].[LockoutEnd], [a].[Name], [a].[NormalizedEmail], [a].[NormalizedUserName], [a].[PasswordHash], [a].[PhoneNumber], [a].[PhoneNumberConfirmed], [a].[SavedFileName], [a].[SavedUrl], [a].[SecurityStamp], [a].[SignedUrl], [a].[Surname], [a].[TwoFactorEnabled], [a].[UpdatedTime], [a].[UserName]
FROM [AspNetUsers] AS [a]
WHERE [a].[Id] = @__id_0
[2023-02-15 22:24:13.457 +04:00  INF]  Executed DbCommand (3ms) [Parameters=[@__id_0='?' (Size = 450)], CommandType='"Text"', CommandTimeout='30']
SELECT TOP(1) [o].[Id], [o].[CategoryId], [o].[CreatedTime], [o].[Description], [o].[Name], [o].[Price], [o].[RestaurantId], [o].[SavedFileName], [o].[SavedUrl], [o].[SignedUrl], [o].[TotalCalories], [o].[TotalWeight], [o].[UpdatedTime]
FROM [Orders] AS [o]
WHERE [o].[Id] = @__id_0
[2023-02-15 22:24:13.478 +04:00  INF]  Now listening on: https://localhost:7254
[2023-02-15 22:24:13.480 +04:00  INF]  Now listening on: http://localhost:5254
[2023-02-15 22:24:13.490 +04:00  INF]  Application started. Press Ctrl+C to shut down.
[2023-02-15 22:24:13.492 +04:00  INF]  Hosting environment: Development
[2023-02-15 22:24:13.494 +04:00  INF]  Content root path: C:\Users\User\Desktop\New folder (3)\Presentation\InstantBites.MVC\
[2023-02-15 22:24:13.629 +04:00  INF]  Executed DbCommand (7ms) [Parameters=[@p0='?' (Size = 450), @p1='?' (Size = 450), @p2='?' (DbType = DateTime2), @p3='?' (DbType = Boolean), @p4='?' (Size = 4000), @p5='?' (DbType = DateTime2)], CommandType='"Text"', CommandTimeout='30']
SET IMPLICIT_TRANSACTIONS OFF;
SET NOCOUNT ON;
INSERT INTO [Notifications] ([Id], [ClientId], [CreatedTime], [IsRead], [Message], [UpdatedTime])
VALUES (@p0, @p1, @p2, @p3, @p4, @p5);
[2023-02-15 22:24:16.032 +04:00  INF]  Request starting HTTP/2 GET https://localhost:7254/ - -
[2023-02-15 22:24:16.156 +04:00  INF]  Executed DbCommand (2ms) [Parameters=[@__p_0='?' (Size = 450)], CommandType='"Text"', CommandTimeout='30']
SELECT TOP(1) [a].[Id], [a].[AccessFailedCount], [a].[Active], [a].[Balance], [a].[ClientLocationId], [a].[ConcurrencyStamp], [a].[CreatedTime], [a].[Email], [a].[EmailConfirmed], [a].[LockoutEnabled], [a].[LockoutEnd], [a].[Name], [a].[NormalizedEmail], [a].[NormalizedUserName], [a].[PasswordHash], [a].[PhoneNumber], [a].[PhoneNumberConfirmed], [a].[SavedFileName], [a].[SavedUrl], [a].[SecurityStamp], [a].[SignedUrl], [a].[Surname], [a].[TwoFactorEnabled], [a].[UpdatedTime], [a].[UserName]
FROM [AspNetUsers] AS [a]
WHERE [a].[Id] = @__p_0
[2023-02-15 22:24:16.229 +04:00  INF]  Executed DbCommand (1ms) [Parameters=[@__user_Id_0='?' (Size = 450)], CommandType='"Text"', CommandTimeout='30']
SELECT [a].[Id], [a].[ClaimType], [a].[ClaimValue], [a].[UserId]
FROM [AspNetUserClaims] AS [a]
WHERE [a].[UserId] = @__user_Id_0
[2023-02-15 22:24:16.272 +04:00  INF]  Executed DbCommand (8ms) [Parameters=[@__userId_0='?' (Size = 450)], CommandType='"Text"', CommandTimeout='30']
SELECT [a0].[Name]
FROM [AspNetUserRoles] AS [a]
INNER JOIN [AspNetRoles] AS [a0] ON [a].[RoleId] = [a0].[Id]
WHERE [a].[UserId] = @__userId_0
[2023-02-15 22:24:16.281 +04:00  INF]  Executed DbCommand (1ms) [Parameters=[@__normalizedName_0='?' (Size = 256)], CommandType='"Text"', CommandTimeout='30']
SELECT TOP(1) [a].[Id], [a].[ConcurrencyStamp], [a].[Name], [a].[NormalizedName]
FROM [AspNetRoles] AS [a]
WHERE [a].[NormalizedName] = @__normalizedName_0
[2023-02-15 22:24:16.291 +04:00  INF]  Executed DbCommand (1ms) [Parameters=[@__role_Id_0='?' (Size = 450)], CommandType='"Text"', CommandTimeout='30']
SELECT [a].[ClaimType], [a].[ClaimValue]
FROM [AspNetRoleClaims] AS [a]
WHERE [a].[RoleId] = @__role_Id_0
[2023-02-15 22:24:16.305 +04:00  INF]  Executing endpoint 'InstantBites.MVC.Controllers.HomeController.Index (InstantBites.MVC)'
[2023-02-15 22:24:16.320 +04:00  INF]  Route matched with {action = "Index", controller = "Home", area = ""}. Executing controller action with signature System.Threading.Tasks.Task`1[Microsoft.AspNetCore.Mvc.IActionResult] Index() on controller InstantBites.MVC.Controllers.HomeController (InstantBites.MVC).
[2023-02-15 22:24:16.331 +04:00  INF]  Executing ViewResult, running view Index.
[2023-02-15 22:24:16.541 +04:00  INF]  Executed ViewResult - view Index executed in 208.8941ms.
[2023-02-15 22:24:16.547 +04:00  INF]  Executed action InstantBites.MVC.Controllers.HomeController.Index (InstantBites.MVC) in 226.9223ms
[2023-02-15 22:24:16.548 +04:00  INF]  Executed endpoint 'InstantBites.MVC.Controllers.HomeController.Index (InstantBites.MVC)'
[2023-02-15 22:24:16.643 +04:00  INF]  Request starting HTTP/2 GET https://localhost:7254/css/main-layout.css?v=SVDgIE3Q0KkSZnQLd6H7Gk7e_wDf7jPEKwTe0ciFiok - -
[2023-02-15 22:24:16.643 +04:00  INF]  Request starting HTTP/2 GET https://localhost:7254/css/reset.css?v=gbhOaBbEr8bS1zqF6ZUMIZfkrXcoYd9UsYGknG3IRsc - -
[2023-02-15 22:24:16.643 +04:00  INF]  Request starting HTTP/2 GET https://localhost:7254/css/reset.css - -
[2023-02-15 22:24:16.643 +04:00  INF]  Request starting HTTP/2 GET https://localhost:7254/InstantBites.MVC.styles.css?v=Z2_n4tV0aFGWkMeu3EHuaT6XXfzOBX2YkhPqZ5Y5osk - -
[2023-02-15 22:24:16.643 +04:00  INF]  Request starting HTTP/2 GET https://localhost:7254/lib/jquery/dist/jquery.min.js - -
[2023-02-15 22:24:16.645 +04:00  INF]  Request starting HTTP/2 GET https://localhost:7254/lib/bootstrap/dist/js/bootstrap.bundle.min.js - -
[2023-02-15 22:24:16.649 +04:00  INF]  Request starting HTTP/2 GET https://localhost:7254/js/site.js?v=4q1jwFhaPaZgr8WAUSrux6hAuh0XDg9kPS3xIVq36I0 - -
[2023-02-15 22:24:16.649 +04:00  INF]  Request starting HTTP/2 GET https://localhost:7254/_framework/aspnetcore-browser-refresh.js - -
[2023-02-15 22:24:16.654 +04:00  INF]  Request starting HTTP/2 GET https://localhost:7254/images/logo.png - -
[2023-02-15 22:24:16.666 +04:00  INF]  Request starting HTTP/2 GET https://localhost:7254/_vs/browserLink - -
[2023-02-15 22:24:16.681 +04:00  INF]  Request finished HTTP/2 GET https://localhost:7254/_framework/aspnetcore-browser-refresh.js - - - 200 12002 application/javascript;+charset=utf-8 26.7025ms
[2023-02-15 22:24:16.704 +04:00  INF]  Request finished HTTP/2 GET https://localhost:7254/ - - - 200 - text/html;+charset=utf-8 675.3156ms
[2023-02-15 22:24:16.710 +04:00  INF]  Sending file. Request path: '/css/main-layout.css'. Physical path: 'C:\Users\User\Desktop\New folder (3)\Presentation\InstantBites.MVC\wwwroot\css\main-layout.css'
[2023-02-15 22:24:16.710 +04:00  INF]  Sending file. Request path: '/InstantBites.MVC.styles.css'. Physical path: 'C:\Users\User\Desktop\New folder (3)\Presentation\InstantBites.MVC\obj\Debug\net6.0\scopedcss\bundle\InstantBites.MVC.styles.css'
[2023-02-15 22:24:16.714 +04:00  INF]  Request finished HTTP/2 GET https://localhost:7254/css/main-layout.css?v=SVDgIE3Q0KkSZnQLd6H7Gk7e_wDf7jPEKwTe0ciFiok - - - 200 15950 text/css 71.0586ms
[2023-02-15 22:24:16.714 +04:00  INF]  Request finished HTTP/2 GET https://localhost:7254/InstantBites.MVC.styles.css?v=Z2_n4tV0aFGWkMeu3EHuaT6XXfzOBX2YkhPqZ5Y5osk - - - 200 1133 text/css 71.1176ms
[2023-02-15 22:24:16.717 +04:00  INF]  Sending file. Request path: '/images/logo.png'. Physical path: 'C:\Users\User\Desktop\New folder (3)\Presentation\InstantBites.MVC\wwwroot\images\logo.png'
[2023-02-15 22:24:16.717 +04:00  INF]  Sending file. Request path: '/css/reset.css'. Physical path: 'C:\Users\User\Desktop\New folder (3)\Presentation\InstantBites.MVC\wwwroot\css\reset.css'
[2023-02-15 22:24:16.717 +04:00  INF]  Sending file. Request path: '/css/reset.css'. Physical path: 'C:\Users\User\Desktop\New folder (3)\Presentation\InstantBites.MVC\wwwroot\css\reset.css'
[2023-02-15 22:24:16.717 +04:00  INF]  Sending file. Request path: '/lib/bootstrap/dist/js/bootstrap.bundle.min.js'. Physical path: 'C:\Users\User\Desktop\New folder (3)\Presentation\InstantBites.MVC\wwwroot\lib\bootstrap\dist\js\bootstrap.bundle.min.js'
[2023-02-15 22:24:16.717 +04:00  INF]  Sending file. Request path: '/js/site.js'. Physical path: 'C:\Users\User\Desktop\New folder (3)\Presentation\InstantBites.MVC\wwwroot\js\site.js'
[2023-02-15 22:24:16.717 +04:00  INF]  Request finished HTTP/2 GET https://localhost:7254/lib/bootstrap/dist/js/bootstrap.bundle.min.js - - - 200 78474 application/javascript 71.9240ms
[2023-02-15 22:24:16.717 +04:00  INF]  Request finished HTTP/2 GET https://localhost:7254/images/logo.png - - - 200 50030 image/png 63.2435ms
[2023-02-15 22:24:16.717 +04:00  INF]  Request finished HTTP/2 GET https://localhost:7254/css/reset.css?v=gbhOaBbEr8bS1zqF6ZUMIZfkrXcoYd9UsYGknG3IRsc - - - 200 738 text/css 74.6556ms
[2023-02-15 22:24:16.717 +04:00  INF]  Request finished HTTP/2 GET https://localhost:7254/css/reset.css - - - 200 738 text/css 74.5623ms
[2023-02-15 22:24:16.717 +04:00  INF]  Request finished HTTP/2 GET https://localhost:7254/js/site.js?v=4q1jwFhaPaZgr8WAUSrux6hAuh0XDg9kPS3xIVq36I0 - - - 200 230 application/javascript 69.1990ms
[2023-02-15 22:24:16.730 +04:00  INF]  Request starting HTTP/2 GET https://localhost:7254/images/dishes-bg.jpeg - -
[2023-02-15 22:24:16.731 +04:00  INF]  Sending file. Request path: '/lib/jquery/dist/jquery.min.js'. Physical path: 'C:\Users\User\Desktop\New folder (3)\Presentation\InstantBites.MVC\wwwroot\lib\jquery\dist\jquery.min.js'
[2023-02-15 22:24:16.731 +04:00  INF]  Request finished HTTP/2 GET https://localhost:7254/lib/jquery/dist/jquery.min.js - - - 200 89478 application/javascript 87.8224ms
[2023-02-15 22:24:16.734 +04:00  INF]  Sending file. Request path: '/images/dishes-bg.jpeg'. Physical path: 'C:\Users\User\Desktop\New folder (3)\Presentation\InstantBites.MVC\wwwroot\images\dishes-bg.jpeg'
[2023-02-15 22:24:16.734 +04:00  INF]  Request finished HTTP/2 GET https://localhost:7254/images/dishes-bg.jpeg - - - 200 126677 image/jpeg 4.3491ms
[2023-02-15 22:24:16.759 +04:00  INF]  Request finished HTTP/2 GET https://localhost:7254/_vs/browserLink - - - 200 - text/javascript;+charset=UTF-8 94.0266ms
[2023-02-15 22:24:27.146 +04:00  INF]  Request starting HTTP/2 GET https://localhost:7254/Home/GetAll - -
[2023-02-15 22:24:27.151 +04:00  INF]  Executing endpoint 'InstantBites.MVC.Controllers.HomeController.GetAll (InstantBites.MVC)'
[2023-02-15 22:24:27.154 +04:00  INF]  Route matched with {action = "GetAll", controller = "Home", area = ""}. Executing controller action with signature System.Threading.Tasks.Task`1[Microsoft.AspNetCore.Mvc.IActionResult] GetAll() on controller InstantBites.MVC.Controllers.HomeController (InstantBites.MVC).
[2023-02-15 22:24:27.180 +04:00  INF]  Executed DbCommand (1ms) [Parameters=[], CommandType='"Text"', CommandTimeout='30']
SELECT [o].[Id], [o].[CategoryId], [o].[CreatedTime], [o].[Description], [o].[Name], [o].[Price], [o].[RestaurantId], [o].[SavedFileName], [o].[SavedUrl], [o].[SignedUrl], [o].[TotalCalories], [o].[TotalWeight], [o].[UpdatedTime]
FROM [Orders] AS [o]
[2023-02-15 22:24:27.357 +04:00  INF]  Executing ViewResult, running view GetAll.
[2023-02-15 22:24:27.364 +04:00  INF]  Executed DbCommand (1ms) [Parameters=[@__p_0='?' (Size = 450)], CommandType='"Text"', CommandTimeout='30']
SELECT TOP(1) [a].[Id], [a].[AccessFailedCount], [a].[Active], [a].[Balance], [a].[ClientLocationId], [a].[ConcurrencyStamp], [a].[CreatedTime], [a].[Email], [a].[EmailConfirmed], [a].[LockoutEnabled], [a].[LockoutEnd], [a].[Name], [a].[NormalizedEmail], [a].[NormalizedUserName], [a].[PasswordHash], [a].[PhoneNumber], [a].[PhoneNumberConfirmed], [a].[SavedFileName], [a].[SavedUrl], [a].[SecurityStamp], [a].[SignedUrl], [a].[Surname], [a].[TwoFactorEnabled], [a].[UpdatedTime], [a].[UserName]
FROM [AspNetUsers] AS [a]
WHERE [a].[Id] = @__p_0
[2023-02-15 22:24:27.371 +04:00  INF]  Executed ViewResult - view GetAll executed in 14.6939ms.
[2023-02-15 22:24:27.371 +04:00  INF]  Executed action InstantBites.MVC.Controllers.HomeController.GetAll (InstantBites.MVC) in 217.0595ms
[2023-02-15 22:24:27.371 +04:00  INF]  Executed endpoint 'InstantBites.MVC.Controllers.HomeController.GetAll (InstantBites.MVC)'
[2023-02-15 22:24:27.374 +04:00  INF]  Request finished HTTP/2 GET https://localhost:7254/Home/GetAll - - - 200 - text/html;+charset=utf-8 227.6605ms
[2023-02-15 22:24:27.511 +04:00  INF]  Request starting HTTP/2 GET https://localhost:7254/_framework/aspnetcore-browser-refresh.js - -
[2023-02-15 22:24:27.511 +04:00  INF]  Request starting HTTP/2 GET https://localhost:7254/_vs/browserLink - -
[2023-02-15 22:24:27.512 +04:00  INF]  Request finished HTTP/2 GET https://localhost:7254/_framework/aspnetcore-browser-refresh.js - - - 200 12002 application/javascript;+charset=utf-8 0.6528ms
[2023-02-15 22:24:27.517 +04:00  INF]  Request finished HTTP/2 GET https://localhost:7254/_vs/browserLink - - - 200 - text/javascript;+charset=UTF-8 6.3288ms
[2023-02-15 22:24:33.676 +04:00  INF]  Request starting HTTP/2 GET https://localhost:7254/home/get/9e868997-2be7-4997-8d5a-4a3b4a7962d6?id=9e868997-2be7-4997-8d5a-4a3b4a7962d6&_=1676485467576 - -
[2023-02-15 22:24:33.686 +04:00  INF]  Executing endpoint 'InstantBites.MVC.Controllers.HomeController.Get (InstantBites.MVC)'
[2023-02-15 22:24:33.699 +04:00  INF]  Route matched with {action = "Get", controller = "Home", area = ""}. Executing controller action with signature System.Threading.Tasks.Task`1[Microsoft.AspNetCore.Mvc.IActionResult] Get(System.String) on controller InstantBites.MVC.Controllers.HomeController (InstantBites.MVC).
[2023-02-15 22:24:33.725 +04:00  INF]  Executed DbCommand (1ms) [Parameters=[@__id_0='?' (Size = 450)], CommandType='"Text"', CommandTimeout='30']
SELECT TOP(1) [o].[Id], [o].[CategoryId], [o].[CreatedTime], [o].[Description], [o].[Name], [o].[Price], [o].[RestaurantId], [o].[SavedFileName], [o].[SavedUrl], [o].[SignedUrl], [o].[TotalCalories], [o].[TotalWeight], [o].[UpdatedTime]
FROM [Orders] AS [o]
WHERE [o].[Id] = @__id_0
[2023-02-15 22:24:33.730 +04:00  INF]  Executed DbCommand (1ms) [Parameters=[@__p_0='?' (Size = 450)], CommandType='"Text"', CommandTimeout='30']
SELECT TOP(1) [a].[Id], [a].[AccessFailedCount], [a].[Active], [a].[Balance], [a].[ClientLocationId], [a].[ConcurrencyStamp], [a].[CreatedTime], [a].[Email], [a].[EmailConfirmed], [a].[LockoutEnabled], [a].[LockoutEnd], [a].[Name], [a].[NormalizedEmail], [a].[NormalizedUserName], [a].[PasswordHash], [a].[PhoneNumber], [a].[PhoneNumberConfirmed], [a].[SavedFileName], [a].[SavedUrl], [a].[SecurityStamp], [a].[SignedUrl], [a].[Surname], [a].[TwoFactorEnabled], [a].[UpdatedTime], [a].[UserName]
FROM [AspNetUsers] AS [a]
WHERE [a].[Id] = @__p_0
[2023-02-15 22:24:33.739 +04:00  INF]  Executed DbCommand (3ms) [Parameters=[@__id_0='?' (Size = 450)], CommandType='"Text"', CommandTimeout='30']
SELECT TOP(1) [o].[Id], [o].[CreatedTime], [o].[Name], [o].[UpdatedTime]
FROM [OrderCategories] AS [o]
WHERE [o].[Id] = @__id_0
[2023-02-15 22:24:33.750 +04:00  INF]  Executed DbCommand (3ms) [Parameters=[@__id_0='?' (Size = 450)], CommandType='"Text"', CommandTimeout='30']
SELECT TOP(1) [r].[Id], [r].[CreatedTime], [r].[Description], [r].[Name], [r].[RestaurantLocationId], [r].[SavedFileName], [r].[SavedUrl], [r].[SignedUrl], [r].[UpdatedTime]
FROM [Restaurants] AS [r]
WHERE [r].[Id] = @__id_0
[2023-02-15 22:24:33.758 +04:00  INF]  Executed DbCommand (2ms) [Parameters=[@__id_0='?' (Size = 450)], CommandType='"Text"', CommandTimeout='30']
SELECT TOP(1) [r].[Id], [r].[CreatedTime], [r].[Latitude], [r].[Longitude], [r].[UpdatedTime]
FROM [RestaurantLocations] AS [r]
WHERE [r].[Id] = @__id_0
[2023-02-15 22:24:33.765 +04:00  INF]  Executed DbCommand (2ms) [Parameters=[@__id_0='?' (Size = 450)], CommandType='"Text"', CommandTimeout='30']
SELECT TOP(1) [c].[Id], [c].[CreatedTime], [c].[Latitude], [c].[Longitude], [c].[UpdatedTime]
FROM [ClientLocations] AS [c]
WHERE [c].[Id] = @__id_0
[2023-02-15 22:24:33.772 +04:00  INF]  Executed DbCommand (1ms) [Parameters=[], CommandType='"Text"', CommandTimeout='30']
SELECT [m].[Id], [m].[Calories], [m].[CreatedTime], [m].[MealCategoryId], [m].[Name], [m].[SavedFileName], [m].[SavedUrl], [m].[SignedUrl], [m].[UpdatedTime], [m].[Weight]
FROM [Meals] AS [m]
[2023-02-15 22:24:33.790 +04:00  INF]  Executed DbCommand (2ms) [Parameters=[], CommandType='"Text"', CommandTimeout='30']
SELECT [o].[Id], [o].[CreatedTime], [o].[MealId], [o].[OrderId], [o].[UpdatedTime]
FROM [OrderMeals] AS [o]
[2023-02-15 22:24:33.819 +04:00  INF]  Executing OkObjectResult, writing value of type 'InstantBites.Application.Features.Queries.Orders.ClientGetOrder.ClientGetOrderQueryResponse'.
[2023-02-15 22:24:33.877 +04:00  INF]  Executed action InstantBites.MVC.Controllers.HomeController.Get (InstantBites.MVC) in 177.7458ms
[2023-02-15 22:24:33.877 +04:00  INF]  Executed endpoint 'InstantBites.MVC.Controllers.HomeController.Get (InstantBites.MVC)'
[2023-02-15 22:24:33.877 +04:00  INF]  Request finished HTTP/2 GET https://localhost:7254/home/get/9e868997-2be7-4997-8d5a-4a3b4a7962d6?id=9e868997-2be7-4997-8d5a-4a3b4a7962d6&_=1676485467576 - - - 200 - application/json;+charset=utf-8 201.4512ms
[2023-02-15 22:25:21.654 +04:00  INF]  Request starting HTTP/2 GET https://localhost:7254/ - -
[2023-02-15 22:25:21.662 +04:00  INF]  Executing endpoint 'InstantBites.MVC.Controllers.HomeController.Index (InstantBites.MVC)'
[2023-02-15 22:25:21.663 +04:00  INF]  Route matched with {action = "Index", controller = "Home", area = ""}. Executing controller action with signature System.Threading.Tasks.Task`1[Microsoft.AspNetCore.Mvc.IActionResult] Index() on controller InstantBites.MVC.Controllers.HomeController (InstantBites.MVC).
[2023-02-15 22:25:21.664 +04:00  INF]  Executing ViewResult, running view Index.
[2023-02-15 22:25:21.669 +04:00  INF]  Executed DbCommand (1ms) [Parameters=[@__p_0='?' (Size = 450)], CommandType='"Text"', CommandTimeout='30']
SELECT TOP(1) [a].[Id], [a].[AccessFailedCount], [a].[Active], [a].[Balance], [a].[ClientLocationId], [a].[ConcurrencyStamp], [a].[CreatedTime], [a].[Email], [a].[EmailConfirmed], [a].[LockoutEnabled], [a].[LockoutEnd], [a].[Name], [a].[NormalizedEmail], [a].[NormalizedUserName], [a].[PasswordHash], [a].[PhoneNumber], [a].[PhoneNumberConfirmed], [a].[SavedFileName], [a].[SavedUrl], [a].[SecurityStamp], [a].[SignedUrl], [a].[Surname], [a].[TwoFactorEnabled], [a].[UpdatedTime], [a].[UserName]
FROM [AspNetUsers] AS [a]
WHERE [a].[Id] = @__p_0
[2023-02-15 22:25:21.675 +04:00  INF]  Executed ViewResult - view Index executed in 11.5922ms.
[2023-02-15 22:25:21.675 +04:00  INF]  Executed action InstantBites.MVC.Controllers.HomeController.Index (InstantBites.MVC) in 11.9839ms
[2023-02-15 22:25:21.675 +04:00  INF]  Executed endpoint 'InstantBites.MVC.Controllers.HomeController.Index (InstantBites.MVC)'
[2023-02-15 22:25:21.680 +04:00  INF]  Request finished HTTP/2 GET https://localhost:7254/ - - - 200 - text/html;+charset=utf-8 26.3286ms
[2023-02-15 22:25:21.690 +04:00  INF]  Request starting HTTP/2 GET https://localhost:7254/css/main-layout.css?v=SVDgIE3Q0KkSZnQLd6H7Gk7e_wDf7jPEKwTe0ciFiok - -
[2023-02-15 22:25:21.692 +04:00  INF]  Sending file. Request path: '/css/main-layout.css'. Physical path: 'C:\Users\User\Desktop\New folder (3)\Presentation\InstantBites.MVC\wwwroot\css\main-layout.css'
[2023-02-15 22:25:21.692 +04:00  INF]  Request finished HTTP/2 GET https://localhost:7254/css/main-layout.css?v=SVDgIE3Q0KkSZnQLd6H7Gk7e_wDf7jPEKwTe0ciFiok - - - 200 15950 text/css 1.8248ms
[2023-02-15 22:25:21.694 +04:00  INF]  Request starting HTTP/2 GET https://localhost:7254/_framework/aspnetcore-browser-refresh.js - -
[2023-02-15 22:25:21.694 +04:00  INF]  Request finished HTTP/2 GET https://localhost:7254/_framework/aspnetcore-browser-refresh.js - - - 200 12002 application/javascript;+charset=utf-8 0.2638ms
[2023-02-15 22:25:21.695 +04:00  INF]  Request starting HTTP/2 GET https://localhost:7254/_vs/browserLink - -
[2023-02-15 22:25:21.709 +04:00  INF]  Request starting HTTP/2 GET https://localhost:7254/images/dishes-bg.jpeg - -
[2023-02-15 22:25:21.727 +04:00  INF]  Sending file. Request path: '/images/dishes-bg.jpeg'. Physical path: 'C:\Users\User\Desktop\New folder (3)\Presentation\InstantBites.MVC\wwwroot\images\dishes-bg.jpeg'
[2023-02-15 22:25:21.728 +04:00  INF]  Request finished HTTP/2 GET https://localhost:7254/images/dishes-bg.jpeg - - - 200 126677 image/jpeg 19.1137ms
[2023-02-15 22:25:21.732 +04:00  INF]  Request finished HTTP/2 GET https://localhost:7254/_vs/browserLink - - - 200 - text/javascript;+charset=UTF-8 37.1453ms
[2023-02-15 22:25:30.070 +04:00  INF]  Request starting HTTP/2 GET https://localhost:7254/Account/LogOut - -
[2023-02-15 22:25:30.075 +04:00  INF]  Executing endpoint 'InstantBites.MVC.Controllers.AccountController.LogOut (InstantBites.MVC)'
[2023-02-15 22:25:30.077 +04:00  INF]  Route matched with {action = "LogOut", controller = "Account", area = ""}. Executing controller action with signature System.Threading.Tasks.Task`1[Microsoft.AspNetCore.Mvc.IActionResult] LogOut() on controller InstantBites.MVC.Controllers.AccountController (InstantBites.MVC).
[2023-02-15 22:25:30.082 +04:00  INF]  AuthenticationScheme: Identity.Application signed out.
[2023-02-15 22:25:30.083 +04:00  INF]  AuthenticationScheme: Identity.External signed out.
[2023-02-15 22:25:30.083 +04:00  INF]  AuthenticationScheme: Identity.TwoFactorUserId signed out.
[2023-02-15 22:25:30.083 +04:00  INF]  Executing RedirectResult, redirecting to /.
[2023-02-15 22:25:30.083 +04:00  INF]  Executed action InstantBites.MVC.Controllers.AccountController.LogOut (InstantBites.MVC) in 6.2612ms
[2023-02-15 22:25:30.083 +04:00  INF]  Executed endpoint 'InstantBites.MVC.Controllers.AccountController.LogOut (InstantBites.MVC)'
[2023-02-15 22:25:30.084 +04:00  INF]  Request finished HTTP/2 GET https://localhost:7254/Account/LogOut - - - 302 0 - 14.1004ms
[2023-02-15 22:25:30.086 +04:00  INF]  Request starting HTTP/2 GET https://localhost:7254/ - -
[2023-02-15 22:25:30.087 +04:00  INF]  Executing endpoint 'InstantBites.MVC.Controllers.HomeController.Index (InstantBites.MVC)'
[2023-02-15 22:25:30.087 +04:00  INF]  Route matched with {action = "Index", controller = "Home", area = ""}. Executing controller action with signature System.Threading.Tasks.Task`1[Microsoft.AspNetCore.Mvc.IActionResult] Index() on controller InstantBites.MVC.Controllers.HomeController (InstantBites.MVC).
[2023-02-15 22:25:30.087 +04:00  INF]  Executing ViewResult, running view Index.
[2023-02-15 22:25:30.094 +04:00  INF]  Executed ViewResult - view Index executed in 6.5099ms.
[2023-02-15 22:25:30.094 +04:00  INF]  Executed action InstantBites.MVC.Controllers.HomeController.Index (InstantBites.MVC) in 6.6429ms
[2023-02-15 22:25:30.094 +04:00  INF]  Executed endpoint 'InstantBites.MVC.Controllers.HomeController.Index (InstantBites.MVC)'
[2023-02-15 22:25:30.098 +04:00  INF]  Request finished HTTP/2 GET https://localhost:7254/ - - - 200 - text/html;+charset=utf-8 11.2220ms
[2023-02-15 22:25:30.104 +04:00  INF]  Request starting HTTP/2 GET https://localhost:7254/_vs/browserLink - -
[2023-02-15 22:25:30.104 +04:00  INF]  Request starting HTTP/2 GET https://localhost:7254/_framework/aspnetcore-browser-refresh.js - -
[2023-02-15 22:25:30.105 +04:00  INF]  Request finished HTTP/2 GET https://localhost:7254/_framework/aspnetcore-browser-refresh.js - - - 200 12002 application/javascript;+charset=utf-8 0.5214ms
[2023-02-15 22:25:30.111 +04:00  INF]  Request finished HTTP/2 GET https://localhost:7254/_vs/browserLink - - - 200 - text/javascript;+charset=UTF-8 6.9058ms
[2023-02-15 22:25:30.879 +04:00  INF]  Request starting HTTP/2 GET https://localhost:7254/Account/Login - -
[2023-02-15 22:25:30.881 +04:00  INF]  Executing endpoint 'InstantBites.MVC.Controllers.AccountController.Login (InstantBites.MVC)'
[2023-02-15 22:25:30.884 +04:00  INF]  Route matched with {action = "Login", controller = "Account", area = ""}. Executing controller action with signature System.Threading.Tasks.Task`1[Microsoft.AspNetCore.Mvc.IActionResult] Login(System.String) on controller InstantBites.MVC.Controllers.AccountController (InstantBites.MVC).
[2023-02-15 22:25:30.944 +04:00  INF]  Executing ViewResult, running view Login.
[2023-02-15 22:25:31.002 +04:00  INF]  Executed ViewResult - view Login executed in 58.6149ms.
[2023-02-15 22:25:31.002 +04:00  INF]  Executed action InstantBites.MVC.Controllers.AccountController.Login (InstantBites.MVC) in 117.935ms
[2023-02-15 22:25:31.002 +04:00  INF]  Executed endpoint 'InstantBites.MVC.Controllers.AccountController.Login (InstantBites.MVC)'
[2023-02-15 22:25:31.005 +04:00  INF]  Request finished HTTP/2 GET https://localhost:7254/Account/Login - - - 200 - text/html;+charset=utf-8 125.9915ms
[2023-02-15 22:25:31.013 +04:00  INF]  Request starting HTTP/2 GET https://localhost:7254/css/main-layout.css?v=SVDgIE3Q0KkSZnQLd6H7Gk7e_wDf7jPEKwTe0ciFiok - -
[2023-02-15 22:25:31.014 +04:00  INF]  Request starting HTTP/2 GET https://localhost:7254/lib/jquery-validation/dist/jquery.validate.min.js - -
[2023-02-15 22:25:31.015 +04:00  INF]  Sending file. Request path: '/css/main-layout.css'. Physical path: 'C:\Users\User\Desktop\New folder (3)\Presentation\InstantBites.MVC\wwwroot\css\main-layout.css'
[2023-02-15 22:25:31.015 +04:00  INF]  Request finished HTTP/2 GET https://localhost:7254/css/main-layout.css?v=SVDgIE3Q0KkSZnQLd6H7Gk7e_wDf7jPEKwTe0ciFiok - - - 200 15950 text/css 1.7126ms
[2023-02-15 22:25:31.016 +04:00  INF]  Request starting HTTP/2 GET https://localhost:7254/lib/jquery-validation-unobtrusive/jquery.validate.unobtrusive.min.js - -
[2023-02-15 22:25:31.017 +04:00  INF]  Request starting HTTP/2 GET https://localhost:7254/_framework/aspnetcore-browser-refresh.js - -
[2023-02-15 22:25:31.017 +04:00  INF]  Request starting HTTP/2 GET https://localhost:7254/_vs/browserLink - -
[2023-02-15 22:25:31.017 +04:00  INF]  Request finished HTTP/2 GET https://localhost:7254/_framework/aspnetcore-browser-refresh.js - - - 200 12002 application/javascript;+charset=utf-8 0.5084ms
[2023-02-15 22:25:31.024 +04:00  INF]  Request finished HTTP/2 GET https://localhost:7254/_vs/browserLink - - - 200 - text/javascript;+charset=UTF-8 7.5532ms
[2023-02-15 22:25:31.038 +04:00  INF]  Sending file. Request path: '/lib/jquery-validation-unobtrusive/jquery.validate.unobtrusive.min.js'. Physical path: 'C:\Users\User\Desktop\New folder (3)\Presentation\InstantBites.MVC\wwwroot\lib\jquery-validation-unobtrusive\jquery.validate.unobtrusive.min.js'
[2023-02-15 22:25:31.039 +04:00  INF]  Request finished HTTP/2 GET https://localhost:7254/lib/jquery-validation-unobtrusive/jquery.validate.unobtrusive.min.js - - - 200 5873 application/javascript 22.2281ms
[2023-02-15 22:25:31.042 +04:00  INF]  Sending file. Request path: '/lib/jquery-validation/dist/jquery.validate.min.js'. Physical path: 'C:\Users\User\Desktop\New folder (3)\Presentation\InstantBites.MVC\wwwroot\lib\jquery-validation\dist\jquery.validate.min.js'
[2023-02-15 22:25:31.042 +04:00  INF]  Request finished HTTP/2 GET https://localhost:7254/lib/jquery-validation/dist/jquery.validate.min.js - - - 200 23264 application/javascript 27.8698ms
[2023-02-15 22:25:32.829 +04:00  INF]  Request starting HTTP/2 GET https://localhost:7254/Account/SignUp - -
[2023-02-15 22:25:32.830 +04:00  INF]  Executing endpoint 'InstantBites.MVC.Controllers.AccountController.SignUp (InstantBites.MVC)'
[2023-02-15 22:25:32.833 +04:00  INF]  Route matched with {action = "SignUp", controller = "Account", area = ""}. Executing controller action with signature System.Threading.Tasks.Task`1[Microsoft.AspNetCore.Mvc.IActionResult] SignUp() on controller InstantBites.MVC.Controllers.AccountController (InstantBites.MVC).
[2023-02-15 22:25:32.834 +04:00  INF]  Executing ViewResult, running view SignUp.
[2023-02-15 22:25:32.866 +04:00  INF]  Executed ViewResult - view SignUp executed in 31.9857ms.
[2023-02-15 22:25:32.866 +04:00  INF]  Executed action InstantBites.MVC.Controllers.AccountController.SignUp (InstantBites.MVC) in 32.8944ms
[2023-02-15 22:25:32.866 +04:00  INF]  Executed endpoint 'InstantBites.MVC.Controllers.AccountController.SignUp (InstantBites.MVC)'
[2023-02-15 22:25:32.867 +04:00  INF]  Request finished HTTP/2 GET https://localhost:7254/Account/SignUp - - - 200 - text/html;+charset=utf-8 38.2798ms
[2023-02-15 22:25:32.876 +04:00  INF]  Request starting HTTP/2 GET https://localhost:7254/_vs/browserLink - -
[2023-02-15 22:25:32.879 +04:00  INF]  Request starting HTTP/2 GET https://localhost:7254/_framework/aspnetcore-browser-refresh.js - -
[2023-02-15 22:25:32.879 +04:00  INF]  Request finished HTTP/2 GET https://localhost:7254/_framework/aspnetcore-browser-refresh.js - - - 200 12002 application/javascript;+charset=utf-8 0.4789ms
[2023-02-15 22:25:32.882 +04:00  INF]  Request finished HTTP/2 GET https://localhost:7254/_vs/browserLink - - - 200 - text/javascript;+charset=UTF-8 5.5113ms
[2023-02-15 22:26:27.766 +04:00  INF]  Request starting HTTP/2 GET https://localhost:7254/ - -
[2023-02-15 22:26:27.776 +04:00  INF]  Executing endpoint 'InstantBites.MVC.Controllers.HomeController.Index (InstantBites.MVC)'
[2023-02-15 22:26:27.776 +04:00  INF]  Route matched with {action = "Index", controller = "Home", area = ""}. Executing controller action with signature System.Threading.Tasks.Task`1[Microsoft.AspNetCore.Mvc.IActionResult] Index() on controller InstantBites.MVC.Controllers.HomeController (InstantBites.MVC).
[2023-02-15 22:26:27.777 +04:00  INF]  Executing ViewResult, running view Index.
[2023-02-15 22:26:27.780 +04:00  INF]  Executed ViewResult - view Index executed in 3.6ms.
[2023-02-15 22:26:27.780 +04:00  INF]  Executed action InstantBites.MVC.Controllers.HomeController.Index (InstantBites.MVC) in 3.769ms
[2023-02-15 22:26:27.780 +04:00  INF]  Executed endpoint 'InstantBites.MVC.Controllers.HomeController.Index (InstantBites.MVC)'
[2023-02-15 22:26:27.784 +04:00  INF]  Request finished HTTP/2 GET https://localhost:7254/ - - - 200 - text/html;+charset=utf-8 19.4602ms
[2023-02-15 22:26:27.794 +04:00  INF]  Request starting HTTP/2 GET https://localhost:7254/css/main-layout.css?v=SVDgIE3Q0KkSZnQLd6H7Gk7e_wDf7jPEKwTe0ciFiok - -
[2023-02-15 22:26:27.796 +04:00  INF]  Request starting HTTP/2 GET https://localhost:7254/_vs/browserLink - -
[2023-02-15 22:26:27.798 +04:00  INF]  Sending file. Request path: '/css/main-layout.css'. Physical path: 'C:\Users\User\Desktop\New folder (3)\Presentation\InstantBites.MVC\wwwroot\css\main-layout.css'
[2023-02-15 22:26:27.802 +04:00  INF]  Request finished HTTP/2 GET https://localhost:7254/css/main-layout.css?v=SVDgIE3Q0KkSZnQLd6H7Gk7e_wDf7jPEKwTe0ciFiok - - - 200 15950 text/css 3.7062ms
[2023-02-15 22:26:27.807 +04:00  INF]  Request starting HTTP/2 GET https://localhost:7254/_framework/aspnetcore-browser-refresh.js - -
[2023-02-15 22:26:27.808 +04:00  INF]  Request finished HTTP/2 GET https://localhost:7254/_framework/aspnetcore-browser-refresh.js - - - 200 12002 application/javascript;+charset=utf-8 2.7882ms
[2023-02-15 22:26:27.811 +04:00  INF]  Request finished HTTP/2 GET https://localhost:7254/_vs/browserLink - - - 200 - text/javascript;+charset=UTF-8 14.9021ms
[2023-02-15 22:31:35.173 +04:00  INF]  Request starting HTTP/2 GET https://localhost:7254/Account/Login - -
[2023-02-15 22:31:35.180 +04:00  INF]  Executing endpoint 'InstantBites.MVC.Controllers.AccountController.Login (InstantBites.MVC)'
[2023-02-15 22:31:35.180 +04:00  INF]  Route matched with {action = "Login", controller = "Account", area = ""}. Executing controller action with signature System.Threading.Tasks.Task`1[Microsoft.AspNetCore.Mvc.IActionResult] Login(System.String) on controller InstantBites.MVC.Controllers.AccountController (InstantBites.MVC).
[2023-02-15 22:31:35.180 +04:00  INF]  Executing ViewResult, running view Login.
[2023-02-15 22:31:35.192 +04:00  INF]  Executed ViewResult - view Login executed in 11.2274ms.
[2023-02-15 22:31:35.192 +04:00  INF]  Executed action InstantBites.MVC.Controllers.AccountController.Login (InstantBites.MVC) in 11.515ms
[2023-02-15 22:31:35.192 +04:00  INF]  Executed endpoint 'InstantBites.MVC.Controllers.AccountController.Login (InstantBites.MVC)'
[2023-02-15 22:31:35.195 +04:00  INF]  Request finished HTTP/2 GET https://localhost:7254/Account/Login - - - 200 - text/html;+charset=utf-8 23.4652ms
[2023-02-15 22:31:35.201 +04:00  INF]  Request starting HTTP/2 GET https://localhost:7254/css/main-layout.css?v=SVDgIE3Q0KkSZnQLd6H7Gk7e_wDf7jPEKwTe0ciFiok - -
[2023-02-15 22:31:35.202 +04:00  INF]  Request starting HTTP/2 GET https://localhost:7254/_vs/browserLink - -
[2023-02-15 22:31:35.203 +04:00  INF]  Request starting HTTP/2 GET https://localhost:7254/_framework/aspnetcore-browser-refresh.js - -
[2023-02-15 22:31:35.204 +04:00  INF]  Request finished HTTP/2 GET https://localhost:7254/_framework/aspnetcore-browser-refresh.js - - - 200 12002 application/javascript;+charset=utf-8 0.2225ms
[2023-02-15 22:31:35.207 +04:00  INF]  Request finished HTTP/2 GET https://localhost:7254/_vs/browserLink - - - 200 - text/javascript;+charset=UTF-8 4.5102ms
[2023-02-15 22:31:35.212 +04:00  INF]  Sending file. Request path: '/css/main-layout.css'. Physical path: 'C:\Users\User\Desktop\New folder (3)\Presentation\InstantBites.MVC\wwwroot\css\main-layout.css'
[2023-02-15 22:31:35.212 +04:00  INF]  Request finished HTTP/2 GET https://localhost:7254/css/main-layout.css?v=SVDgIE3Q0KkSZnQLd6H7Gk7e_wDf7jPEKwTe0ciFiok - - - 200 15950 text/css 10.6868ms
[2023-02-15 22:31:54.508 +04:00  INF]  Request starting HTTP/2 POST https://localhost:7254/Account/Login multipart/form-data;+boundary=----WebKitFormBoundarySXMNyabr3UGQSt2P 619
[2023-02-15 22:31:54.509 +04:00  INF]  Executing endpoint 'InstantBites.MVC.Controllers.AccountController.Login (InstantBites.MVC)'
[2023-02-15 22:31:54.513 +04:00  INF]  Route matched with {action = "Login", controller = "Account", area = ""}. Executing controller action with signature System.Threading.Tasks.Task`1[Microsoft.AspNetCore.Mvc.IActionResult] Login(InstantBites.Application.Features.Commands.Clients.LoginClient.LoginClientCommandRequest, System.String) on controller InstantBites.MVC.Controllers.AccountController (InstantBites.MVC).
[2023-02-15 22:31:54.550 +04:00  INF]  Executed DbCommand (2ms) [Parameters=[@__normalizedEmail_0='?' (Size = 256)], CommandType='"Text"', CommandTimeout='30']
SELECT TOP(2) [a].[Id], [a].[AccessFailedCount], [a].[Active], [a].[Balance], [a].[ClientLocationId], [a].[ConcurrencyStamp], [a].[CreatedTime], [a].[Email], [a].[EmailConfirmed], [a].[LockoutEnabled], [a].[LockoutEnd], [a].[Name], [a].[NormalizedEmail], [a].[NormalizedUserName], [a].[PasswordHash], [a].[PhoneNumber], [a].[PhoneNumberConfirmed], [a].[SavedFileName], [a].[SavedUrl], [a].[SecurityStamp], [a].[SignedUrl], [a].[Surname], [a].[TwoFactorEnabled], [a].[UpdatedTime], [a].[UserName]
FROM [AspNetUsers] AS [a]
WHERE [a].[NormalizedEmail] = @__normalizedEmail_0
[2023-02-15 22:31:54.577 +04:00  INF]  Executed DbCommand (1ms) [Parameters=[@__user_Id_0='?' (Size = 450)], CommandType='"Text"', CommandTimeout='30']
SELECT [a].[Id], [a].[ClaimType], [a].[ClaimValue], [a].[UserId]
FROM [AspNetUserClaims] AS [a]
WHERE [a].[UserId] = @__user_Id_0
[2023-02-15 22:31:54.581 +04:00  INF]  Executed DbCommand (1ms) [Parameters=[@__userId_0='?' (Size = 450)], CommandType='"Text"', CommandTimeout='30']
SELECT [a0].[Name]
FROM [AspNetUserRoles] AS [a]
INNER JOIN [AspNetRoles] AS [a0] ON [a].[RoleId] = [a0].[Id]
WHERE [a].[UserId] = @__userId_0
[2023-02-15 22:31:54.583 +04:00  INF]  Executed DbCommand (1ms) [Parameters=[@__normalizedName_0='?' (Size = 256)], CommandType='"Text"', CommandTimeout='30']
SELECT TOP(1) [a].[Id], [a].[ConcurrencyStamp], [a].[Name], [a].[NormalizedName]
FROM [AspNetRoles] AS [a]
WHERE [a].[NormalizedName] = @__normalizedName_0
[2023-02-15 22:31:54.586 +04:00  INF]  Executed DbCommand (1ms) [Parameters=[@__role_Id_0='?' (Size = 450)], CommandType='"Text"', CommandTimeout='30']
SELECT [a].[ClaimType], [a].[ClaimValue]
FROM [AspNetRoleClaims] AS [a]
WHERE [a].[RoleId] = @__role_Id_0
[2023-02-15 22:31:54.587 +04:00  INF]  Executed DbCommand (0ms) [Parameters=[@__normalizedName_0='?' (Size = 256)], CommandType='"Text"', CommandTimeout='30']
SELECT TOP(1) [a].[Id], [a].[ConcurrencyStamp], [a].[Name], [a].[NormalizedName]
FROM [AspNetRoles] AS [a]
WHERE [a].[NormalizedName] = @__normalizedName_0
[2023-02-15 22:31:54.589 +04:00  INF]  Executed DbCommand (0ms) [Parameters=[@__role_Id_0='?' (Size = 450)], CommandType='"Text"', CommandTimeout='30']
SELECT [a].[ClaimType], [a].[ClaimValue]
FROM [AspNetRoleClaims] AS [a]
WHERE [a].[RoleId] = @__role_Id_0
[2023-02-15 22:31:54.592 +04:00  INF]  AuthenticationScheme: Identity.Application signed in.
[2023-02-15 22:31:54.772 +04:00  INF]  Executing RedirectResult, redirecting to /.
[2023-02-15 22:31:54.772 +04:00  INF]  Executed action InstantBites.MVC.Controllers.AccountController.Login (InstantBites.MVC) in 259.6288ms
[2023-02-15 22:31:54.772 +04:00  INF]  Executed endpoint 'InstantBites.MVC.Controllers.AccountController.Login (InstantBites.MVC)'
[2023-02-15 22:31:54.772 +04:00  INF]  Request finished HTTP/2 POST https://localhost:7254/Account/Login multipart/form-data;+boundary=----WebKitFormBoundarySXMNyabr3UGQSt2P 619 - 302 0 - 264.8806ms
[2023-02-15 22:31:54.777 +04:00  INF]  Request starting HTTP/2 GET https://localhost:7254/ - -
[2023-02-15 22:31:54.778 +04:00  INF]  Executing endpoint 'InstantBites.MVC.Controllers.HomeController.Index (InstantBites.MVC)'
[2023-02-15 22:31:54.778 +04:00  INF]  Route matched with {action = "Index", controller = "Home", area = ""}. Executing controller action with signature System.Threading.Tasks.Task`1[Microsoft.AspNetCore.Mvc.IActionResult] Index() on controller InstantBites.MVC.Controllers.HomeController (InstantBites.MVC).
[2023-02-15 22:31:54.778 +04:00  INF]  Executing ViewResult, running view Index.
[2023-02-15 22:31:54.781 +04:00  INF]  Executed DbCommand (0ms) [Parameters=[@__p_0='?' (Size = 450)], CommandType='"Text"', CommandTimeout='30']
SELECT TOP(1) [a].[Id], [a].[AccessFailedCount], [a].[Active], [a].[Balance], [a].[ClientLocationId], [a].[ConcurrencyStamp], [a].[CreatedTime], [a].[Email], [a].[EmailConfirmed], [a].[LockoutEnabled], [a].[LockoutEnd], [a].[Name], [a].[NormalizedEmail], [a].[NormalizedUserName], [a].[PasswordHash], [a].[PhoneNumber], [a].[PhoneNumberConfirmed], [a].[SavedFileName], [a].[SavedUrl], [a].[SecurityStamp], [a].[SignedUrl], [a].[Surname], [a].[TwoFactorEnabled], [a].[UpdatedTime], [a].[UserName]
FROM [AspNetUsers] AS [a]
WHERE [a].[Id] = @__p_0
[2023-02-15 22:31:54.784 +04:00  INF]  Executed ViewResult - view Index executed in 5.3201ms.
[2023-02-15 22:31:54.784 +04:00  INF]  Executed action InstantBites.MVC.Controllers.HomeController.Index (InstantBites.MVC) in 5.4863ms
[2023-02-15 22:31:54.784 +04:00  INF]  Executed endpoint 'InstantBites.MVC.Controllers.HomeController.Index (InstantBites.MVC)'
[2023-02-15 22:31:54.785 +04:00  INF]  Request finished HTTP/2 GET https://localhost:7254/ - - - 200 - text/html;+charset=utf-8 7.6843ms
[2023-02-15 22:31:54.792 +04:00  INF]  Request starting HTTP/2 GET https://localhost:7254/css/main-layout.css?v=SVDgIE3Q0KkSZnQLd6H7Gk7e_wDf7jPEKwTe0ciFiok - -
[2023-02-15 22:31:54.793 +04:00  INF]  Sending file. Request path: '/css/main-layout.css'. Physical path: 'C:\Users\User\Desktop\New folder (3)\Presentation\InstantBites.MVC\wwwroot\css\main-layout.css'
[2023-02-15 22:31:54.794 +04:00  INF]  Request finished HTTP/2 GET https://localhost:7254/css/main-layout.css?v=SVDgIE3Q0KkSZnQLd6H7Gk7e_wDf7jPEKwTe0ciFiok - - - 200 15950 text/css 1.4019ms
[2023-02-15 22:31:54.794 +04:00  INF]  Request starting HTTP/2 GET https://localhost:7254/_vs/browserLink - -
[2023-02-15 22:31:54.801 +04:00  INF]  Request starting HTTP/2 GET https://localhost:7254/_framework/aspnetcore-browser-refresh.js - -
[2023-02-15 22:31:54.803 +04:00  INF]  Request finished HTTP/2 GET https://localhost:7254/_framework/aspnetcore-browser-refresh.js - - - 200 12002 application/javascript;+charset=utf-8 2.0504ms
[2023-02-15 22:31:54.806 +04:00  INF]  Request finished HTTP/2 GET https://localhost:7254/_vs/browserLink - - - 200 - text/javascript;+charset=UTF-8 12.3478ms
[2023-02-15 22:31:59.943 +04:00  INF]  Request starting HTTP/2 GET https://localhost:7254/admin - -
[2023-02-15 22:31:59.945 +04:00  INF]  Executing endpoint 'InstantBites.MVC.Areas.Admin.Controllers.MealCategoryController.GetAll (InstantBites.MVC)'
[2023-02-15 22:31:59.949 +04:00  INF]  Route matched with {area = "Admin", action = "GetAll", controller = "MealCategory"}. Executing controller action with signature System.Threading.Tasks.Task`1[Microsoft.AspNetCore.Mvc.IActionResult] GetAll(InstantBites.Application.Features.Queries.MealCategories.GetAllMealCategories.GetAllMealCategoriesQueryRequest) on controller InstantBites.MVC.Areas.Admin.Controllers.MealCategoryController (InstantBites.MVC).
[2023-02-15 22:31:59.960 +04:00  INF]  Executed DbCommand (2ms) [Parameters=[], CommandType='"Text"', CommandTimeout='30']
SELECT [m].[Id], [m].[CreatedTime], [m].[Name], [m].[UpdatedTime]
FROM [MealCategories] AS [m]
[2023-02-15 22:31:59.970 +04:00  INF]  Executing ViewResult, running view GetAll.
[2023-02-15 22:32:00.011 +04:00  INF]  Executed ViewResult - view GetAll executed in 41.5903ms.
[2023-02-15 22:32:00.012 +04:00  INF]  Executed action InstantBites.MVC.Areas.Admin.Controllers.MealCategoryController.GetAll (InstantBites.MVC) in 62.862ms
[2023-02-15 22:32:00.012 +04:00  INF]  Executed endpoint 'InstantBites.MVC.Areas.Admin.Controllers.MealCategoryController.GetAll (InstantBites.MVC)'
[2023-02-15 22:32:00.015 +04:00  INF]  Request finished HTTP/2 GET https://localhost:7254/admin - - - 200 - text/html;+charset=utf-8 72.5070ms
[2023-02-15 22:32:00.026 +04:00  INF]  Request starting HTTP/2 GET https://localhost:7254/lib/bootstrap/dist/css/bootstrap.min.css - -
[2023-02-15 22:32:00.029 +04:00  INF]  Request starting HTTP/2 GET https://localhost:7254/css/style.css?v=ShQEiqWugLEiSF1yqbvRHD8D9w2NeM5QospvHYp7ues - -
[2023-02-15 22:32:00.029 +04:00  INF]  Request starting HTTP/2 GET https://localhost:7254/InstantBites.MVC.styles.css?v=Z2_n4tV0aFGWkMeu3EHuaT6XXfzOBX2YkhPqZ5Y5osk - -
[2023-02-15 22:32:00.030 +04:00  INF]  Request starting HTTP/2 GET https://localhost:7254/lib/bootstrap/dist/js/bootstrap.bundle.min.js - -
[2023-02-15 22:32:00.040 +04:00  INF]  Request starting HTTP/2 GET https://localhost:7254/lib/bootstrap/dist/js/bootstrap.esm.min.js - -
[2023-02-15 22:32:00.042 +04:00  INF]  Request starting HTTP/2 GET https://localhost:7254/lib/bootstrap/dist/js/bootstrap.bundle.js - -
[2023-02-15 22:32:00.043 +04:00  INF]  Request starting HTTP/2 GET https://localhost:7254/lib/bootstrap/dist/js/bootstrap.esm.js - -
[2023-02-15 22:32:00.055 +04:00  INF]  Request starting HTTP/2 GET https://localhost:7254/lib/bootstrap/dist/js/bootstrap.min.js - -
[2023-02-15 22:32:00.055 +04:00  INF]  Request starting HTTP/2 GET https://localhost:7254/lib/bootstrap/dist/js/bootstrap.js - -
[2023-02-15 22:32:00.074 +04:00  INF]  Request starting HTTP/2 GET https://localhost:7254/js/site.js?v=4q1jwFhaPaZgr8WAUSrux6hAuh0XDg9kPS3xIVq36I0 - -
[2023-02-15 22:32:00.076 +04:00  INF]  Request starting HTTP/2 GET https://localhost:7254/lib/jquery/dist/jquery.min.js - -
[2023-02-15 22:32:00.109 +04:00  INF]  Request starting HTTP/2 GET https://localhost:7254/lib/jquery-validation/dist/jquery.validate.min.js - -
[2023-02-15 22:32:00.117 +04:00  INF]  Request starting HTTP/2 GET https://localhost:7254/_vs/browserLink - -
[2023-02-15 22:32:00.122 +04:00  INF]  Request starting HTTP/2 GET https://localhost:7254/_framework/aspnetcore-browser-refresh.js - -
[2023-02-15 22:32:00.144 +04:00  INF]  Request starting HTTP/2 GET https://localhost:7254/lib/jquery-validation-unobtrusive/jquery.validate.unobtrusive.min.js - -
[2023-02-15 22:32:00.164 +04:00  INF]  Request finished HTTP/2 GET https://localhost:7254/_framework/aspnetcore-browser-refresh.js - - - 200 12002 application/javascript;+charset=utf-8 42.6276ms
[2023-02-15 22:32:00.166 +04:00  INF]  Sending file. Request path: '/InstantBites.MVC.styles.css'. Physical path: 'C:\Users\User\Desktop\New folder (3)\Presentation\InstantBites.MVC\obj\Debug\net6.0\scopedcss\bundle\InstantBites.MVC.styles.css'
[2023-02-15 22:32:00.166 +04:00  INF]  Sending file. Request path: '/lib/bootstrap/dist/js/bootstrap.esm.js'. Physical path: 'C:\Users\User\Desktop\New folder (3)\Presentation\InstantBites.MVC\wwwroot\lib\bootstrap\dist\js\bootstrap.esm.js'
[2023-02-15 22:32:00.166 +04:00  INF]  Sending file. Request path: '/lib/bootstrap/dist/js/bootstrap.min.js'. Physical path: 'C:\Users\User\Desktop\New folder (3)\Presentation\InstantBites.MVC\wwwroot\lib\bootstrap\dist\js\bootstrap.min.js'
[2023-02-15 22:32:00.166 +04:00  INF]  Sending file. Request path: '/lib/bootstrap/dist/js/bootstrap.js'. Physical path: 'C:\Users\User\Desktop\New folder (3)\Presentation\InstantBites.MVC\wwwroot\lib\bootstrap\dist\js\bootstrap.js'
[2023-02-15 22:32:00.166 +04:00  INF]  Sending file. Request path: '/lib/bootstrap/dist/js/bootstrap.esm.min.js'. Physical path: 'C:\Users\User\Desktop\New folder (3)\Presentation\InstantBites.MVC\wwwroot\lib\bootstrap\dist\js\bootstrap.esm.min.js'
[2023-02-15 22:32:00.166 +04:00  INF]  Sending file. Request path: '/css/style.css'. Physical path: 'C:\Users\User\Desktop\New folder (3)\Presentation\InstantBites.MVC\wwwroot\css\style.css'
[2023-02-15 22:32:00.166 +04:00  INF]  Sending file. Request path: '/lib/bootstrap/dist/js/bootstrap.bundle.min.js'. Physical path: 'C:\Users\User\Desktop\New folder (3)\Presentation\InstantBites.MVC\wwwroot\lib\bootstrap\dist\js\bootstrap.bundle.min.js'
[2023-02-15 22:32:00.167 +04:00  INF]  Request finished HTTP/2 GET https://localhost:7254/lib/bootstrap/dist/js/bootstrap.esm.min.js - - - 200 72022 application/javascript 127.0772ms
[2023-02-15 22:32:00.167 +04:00  INF]  Request finished HTTP/2 GET https://localhost:7254/lib/bootstrap/dist/js/bootstrap.bundle.min.js - - - 200 78474 application/javascript 137.3009ms
[2023-02-15 22:32:00.167 +04:00  INF]  Sending file. Request path: '/lib/bootstrap/dist/js/bootstrap.bundle.js'. Physical path: 'C:\Users\User\Desktop\New folder (3)\Presentation\InstantBites.MVC\wwwroot\lib\bootstrap\dist\js\bootstrap.bundle.js'
[2023-02-15 22:32:00.167 +04:00  INF]  Sending file. Request path: '/lib/bootstrap/dist/css/bootstrap.min.css'. Physical path: 'C:\Users\User\Desktop\New folder (3)\Presentation\InstantBites.MVC\wwwroot\lib\bootstrap\dist\css\bootstrap.min.css'
[2023-02-15 22:32:00.168 +04:00  INF]  Request finished HTTP/2 GET https://localhost:7254/lib/bootstrap/dist/js/bootstrap.bundle.js - - - 200 215272 application/javascript 128.3506ms
[2023-02-15 22:32:00.168 +04:00  INF]  Request finished HTTP/2 GET https://localhost:7254/lib/bootstrap/dist/css/bootstrap.min.css - - - 200 162726 text/css 141.3432ms
[2023-02-15 22:32:00.168 +04:00  INF]  Request finished HTTP/2 GET https://localhost:7254/lib/bootstrap/dist/js/bootstrap.min.js - - - 200 59517 application/javascript 113.2229ms
[2023-02-15 22:32:00.168 +04:00  INF]  Request finished HTTP/2 GET https://localhost:7254/lib/bootstrap/dist/js/bootstrap.js - - - 200 153194 application/javascript 113.2296ms
[2023-02-15 22:32:00.168 +04:00  INF]  Request finished HTTP/2 GET https://localhost:7254/InstantBites.MVC.styles.css?v=Z2_n4tV0aFGWkMeu3EHuaT6XXfzOBX2YkhPqZ5Y5osk - - - 200 1133 text/css 138.7279ms
[2023-02-15 22:32:00.168 +04:00  INF]  Request finished HTTP/2 GET https://localhost:7254/css/style.css?v=ShQEiqWugLEiSF1yqbvRHD8D9w2NeM5QospvHYp7ues - - - 200 21088 text/css 138.8976ms
[2023-02-15 22:32:00.168 +04:00  INF]  Request finished HTTP/2 GET https://localhost:7254/lib/bootstrap/dist/js/bootstrap.esm.js - - - 200 143996 application/javascript 125.2682ms
[2023-02-15 22:32:00.169 +04:00  INF]  Request finished HTTP/2 GET https://localhost:7254/_vs/browserLink - - - 200 - text/javascript;+charset=UTF-8 52.3414ms
[2023-02-15 22:32:00.175 +04:00  INF]  Sending file. Request path: '/js/site.js'. Physical path: 'C:\Users\User\Desktop\New folder (3)\Presentation\InstantBites.MVC\wwwroot\js\site.js'
[2023-02-15 22:32:00.176 +04:00  INF]  Request finished HTTP/2 GET https://localhost:7254/js/site.js?v=4q1jwFhaPaZgr8WAUSrux6hAuh0XDg9kPS3xIVq36I0 - - - 200 230 application/javascript 102.1208ms
[2023-02-15 22:32:00.179 +04:00  INF]  Sending file. Request path: '/lib/jquery-validation-unobtrusive/jquery.validate.unobtrusive.min.js'. Physical path: 'C:\Users\User\Desktop\New folder (3)\Presentation\InstantBites.MVC\wwwroot\lib\jquery-validation-unobtrusive\jquery.validate.unobtrusive.min.js'
[2023-02-15 22:32:00.180 +04:00  INF]  Sending file. Request path: '/lib/jquery-validation/dist/jquery.validate.min.js'. Physical path: 'C:\Users\User\Desktop\New folder (3)\Presentation\InstantBites.MVC\wwwroot\lib\jquery-validation\dist\jquery.validate.min.js'
[2023-02-15 22:32:00.180 +04:00  INF]  Request finished HTTP/2 GET https://localhost:7254/lib/jquery-validation-unobtrusive/jquery.validate.unobtrusive.min.js - - - 200 5873 application/javascript 35.8056ms
[2023-02-15 22:32:00.180 +04:00  INF]  Request finished HTTP/2 GET https://localhost:7254/lib/jquery-validation/dist/jquery.validate.min.js - - - 200 23264 application/javascript 71.4434ms
[2023-02-15 22:32:00.198 +04:00  INF]  Sending file. Request path: '/lib/jquery/dist/jquery.min.js'. Physical path: 'C:\Users\User\Desktop\New folder (3)\Presentation\InstantBites.MVC\wwwroot\lib\jquery\dist\jquery.min.js'
[2023-02-15 22:32:00.198 +04:00  INF]  Request finished HTTP/2 GET https://localhost:7254/lib/jquery/dist/jquery.min.js - - - 200 89478 application/javascript 122.4452ms
[2023-02-15 22:32:00.306 +04:00  INF]  Request starting HTTP/2 GET https://localhost:7254/admin - -
[2023-02-15 22:32:00.307 +04:00  INF]  Executing endpoint 'InstantBites.MVC.Areas.Admin.Controllers.MealCategoryController.GetAll (InstantBites.MVC)'
[2023-02-15 22:32:00.307 +04:00  INF]  Route matched with {area = "Admin", action = "GetAll", controller = "MealCategory"}. Executing controller action with signature System.Threading.Tasks.Task`1[Microsoft.AspNetCore.Mvc.IActionResult] GetAll(InstantBites.Application.Features.Queries.MealCategories.GetAllMealCategories.GetAllMealCategoriesQueryRequest) on controller InstantBites.MVC.Areas.Admin.Controllers.MealCategoryController (InstantBites.MVC).
[2023-02-15 22:32:00.311 +04:00  INF]  Executed DbCommand (0ms) [Parameters=[], CommandType='"Text"', CommandTimeout='30']
SELECT [m].[Id], [m].[CreatedTime], [m].[Name], [m].[UpdatedTime]
FROM [MealCategories] AS [m]
[2023-02-15 22:32:00.311 +04:00  INF]  Executing ViewResult, running view GetAll.
[2023-02-15 22:32:00.315 +04:00  INF]  Executed ViewResult - view GetAll executed in 4.0062ms.
[2023-02-15 22:32:00.315 +04:00  INF]  Executed action InstantBites.MVC.Areas.Admin.Controllers.MealCategoryController.GetAll (InstantBites.MVC) in 7.7188ms
[2023-02-15 22:32:00.315 +04:00  INF]  Executed endpoint 'InstantBites.MVC.Areas.Admin.Controllers.MealCategoryController.GetAll (InstantBites.MVC)'
[2023-02-15 22:32:00.317 +04:00  INF]  Request finished HTTP/2 GET https://localhost:7254/admin - - - 200 - text/html;+charset=utf-8 10.6844ms
[2023-02-15 22:32:00.324 +04:00  INF]  Request starting HTTP/2 GET https://localhost:7254/lib/bootstrap/dist/css/bootstrap.min.css - -
[2023-02-15 22:32:00.324 +04:00  INF]  Request starting HTTP/2 GET https://localhost:7254/css/style.css?v=ShQEiqWugLEiSF1yqbvRHD8D9w2NeM5QospvHYp7ues - -
[2023-02-15 22:32:00.324 +04:00  INF]  Request starting HTTP/2 GET https://localhost:7254/lib/bootstrap/dist/js/bootstrap.bundle.js - -
[2023-02-15 22:32:00.326 +04:00  INF]  Request starting HTTP/2 GET https://localhost:7254/lib/bootstrap/dist/js/bootstrap.esm.min.js - -
[2023-02-15 22:32:00.326 +04:00  INF]  Request starting HTTP/2 GET https://localhost:7254/lib/bootstrap/dist/js/bootstrap.esm.js - -
[2023-02-15 22:32:00.326 +04:00  INF]  Request starting HTTP/2 GET https://localhost:7254/lib/bootstrap/dist/js/bootstrap.min.js - -
[2023-02-15 22:32:00.326 +04:00  INF]  Request starting HTTP/2 GET https://localhost:7254/lib/bootstrap/dist/js/bootstrap.js - -
[2023-02-15 22:32:00.327 +04:00  INF]  Sending file. Request path: '/css/style.css'. Physical path: 'C:\Users\User\Desktop\New folder (3)\Presentation\InstantBites.MVC\wwwroot\css\style.css'
[2023-02-15 22:32:00.327 +04:00  INF]  Request starting HTTP/2 GET https://localhost:7254/_framework/aspnetcore-browser-refresh.js - -
[2023-02-15 22:32:00.328 +04:00  INF]  Request finished HTTP/2 GET https://localhost:7254/css/style.css?v=ShQEiqWugLEiSF1yqbvRHD8D9w2NeM5QospvHYp7ues - - - 200 21088 text/css 3.5808ms
[2023-02-15 22:32:00.327 +04:00  INF]  Request starting HTTP/2 GET https://localhost:7254/_vs/browserLink - -
[2023-02-15 22:32:00.332 +04:00  INF]  Sending file. Request path: '/lib/bootstrap/dist/js/bootstrap.min.js'. Physical path: 'C:\Users\User\Desktop\New folder (3)\Presentation\InstantBites.MVC\wwwroot\lib\bootstrap\dist\js\bootstrap.min.js'
[2023-02-15 22:32:00.333 +04:00  INF]  Sending file. Request path: '/lib/bootstrap/dist/js/bootstrap.esm.min.js'. Physical path: 'C:\Users\User\Desktop\New folder (3)\Presentation\InstantBites.MVC\wwwroot\lib\bootstrap\dist\js\bootstrap.esm.min.js'
[2023-02-15 22:32:00.333 +04:00  INF]  Request finished HTTP/2 GET https://localhost:7254/lib/bootstrap/dist/js/bootstrap.min.js - - - 200 59517 application/javascript 6.8085ms
[2023-02-15 22:32:00.334 +04:00  INF]  Request finished HTTP/2 GET https://localhost:7254/lib/bootstrap/dist/js/bootstrap.esm.min.js - - - 200 72022 application/javascript 8.2570ms
[2023-02-15 22:32:00.335 +04:00  INF]  Request finished HTTP/2 GET https://localhost:7254/_framework/aspnetcore-browser-refresh.js - - - 200 12002 application/javascript;+charset=utf-8 7.7144ms
[2023-02-15 22:32:00.338 +04:00  INF]  Sending file. Request path: '/lib/bootstrap/dist/css/bootstrap.min.css'. Physical path: 'C:\Users\User\Desktop\New folder (3)\Presentation\InstantBites.MVC\wwwroot\lib\bootstrap\dist\css\bootstrap.min.css'
[2023-02-15 22:32:00.338 +04:00  INF]  Sending file. Request path: '/lib/bootstrap/dist/js/bootstrap.js'. Physical path: 'C:\Users\User\Desktop\New folder (3)\Presentation\InstantBites.MVC\wwwroot\lib\bootstrap\dist\js\bootstrap.js'
[2023-02-15 22:32:00.338 +04:00  INF]  Request finished HTTP/2 GET https://localhost:7254/lib/bootstrap/dist/css/bootstrap.min.css - - - 200 162726 text/css 14.3580ms
[2023-02-15 22:32:00.338 +04:00  INF]  Sending file. Request path: '/lib/bootstrap/dist/js/bootstrap.bundle.js'. Physical path: 'C:\Users\User\Desktop\New folder (3)\Presentation\InstantBites.MVC\wwwroot\lib\bootstrap\dist\js\bootstrap.bundle.js'
[2023-02-15 22:32:00.338 +04:00  INF]  Request finished HTTP/2 GET https://localhost:7254/lib/bootstrap/dist/js/bootstrap.js - - - 200 153194 application/javascript 11.8666ms
[2023-02-15 22:32:00.338 +04:00  INF]  Sending file. Request path: '/lib/bootstrap/dist/js/bootstrap.esm.js'. Physical path: 'C:\Users\User\Desktop\New folder (3)\Presentation\InstantBites.MVC\wwwroot\lib\bootstrap\dist\js\bootstrap.esm.js'
[2023-02-15 22:32:00.338 +04:00  INF]  Request finished HTTP/2 GET https://localhost:7254/lib/bootstrap/dist/js/bootstrap.bundle.js - - - 200 215272 application/javascript 14.1406ms
[2023-02-15 22:32:00.338 +04:00  INF]  Request finished HTTP/2 GET https://localhost:7254/lib/bootstrap/dist/js/bootstrap.esm.js - - - 200 143996 application/javascript 12.2592ms
[2023-02-15 22:32:00.340 +04:00  INF]  Request finished HTTP/2 GET https://localhost:7254/_vs/browserLink - - - 200 - text/javascript;+charset=UTF-8 12.7775ms
[2023-02-15 22:32:02.534 +04:00  INF]  Request starting HTTP/2 GET https://localhost:7254/Admin - -
[2023-02-15 22:32:02.535 +04:00  INF]  Executing endpoint 'InstantBites.MVC.Areas.Admin.Controllers.MealCategoryController.GetAll (InstantBites.MVC)'
[2023-02-15 22:32:02.535 +04:00  INF]  Route matched with {area = "Admin", action = "GetAll", controller = "MealCategory"}. Executing controller action with signature System.Threading.Tasks.Task`1[Microsoft.AspNetCore.Mvc.IActionResult] GetAll(InstantBites.Application.Features.Queries.MealCategories.GetAllMealCategories.GetAllMealCategoriesQueryRequest) on controller InstantBites.MVC.Areas.Admin.Controllers.MealCategoryController (InstantBites.MVC).
[2023-02-15 22:32:02.548 +04:00  INF]  Executed DbCommand (0ms) [Parameters=[], CommandType='"Text"', CommandTimeout='30']
SELECT [m].[Id], [m].[CreatedTime], [m].[Name], [m].[UpdatedTime]
FROM [MealCategories] AS [m]
[2023-02-15 22:32:02.548 +04:00  INF]  Executing ViewResult, running view GetAll.
[2023-02-15 22:32:02.553 +04:00  INF]  Executed ViewResult - view GetAll executed in 5.0973ms.
[2023-02-15 22:32:02.553 +04:00  INF]  Executed action InstantBites.MVC.Areas.Admin.Controllers.MealCategoryController.GetAll (InstantBites.MVC) in 17.9165ms
[2023-02-15 22:32:02.553 +04:00  INF]  Executed endpoint 'InstantBites.MVC.Areas.Admin.Controllers.MealCategoryController.GetAll (InstantBites.MVC)'
[2023-02-15 22:32:02.555 +04:00  INF]  Request finished HTTP/2 GET https://localhost:7254/Admin - - - 200 - text/html;+charset=utf-8 21.2369ms
[2023-02-15 22:32:02.561 +04:00  INF]  Request starting HTTP/2 GET https://localhost:7254/css/style.css?v=ShQEiqWugLEiSF1yqbvRHD8D9w2NeM5QospvHYp7ues - -
[2023-02-15 22:32:02.561 +04:00  INF]  Request starting HTTP/2 GET https://localhost:7254/lib/bootstrap/dist/css/bootstrap.min.css - -
[2023-02-15 22:32:02.563 +04:00  INF]  Sending file. Request path: '/css/style.css'. Physical path: 'C:\Users\User\Desktop\New folder (3)\Presentation\InstantBites.MVC\wwwroot\css\style.css'
[2023-02-15 22:32:02.563 +04:00  INF]  Request starting HTTP/2 GET https://localhost:7254/_framework/aspnetcore-browser-refresh.js - -
[2023-02-15 22:32:02.563 +04:00  INF]  Request finished HTTP/2 GET https://localhost:7254/css/style.css?v=ShQEiqWugLEiSF1yqbvRHD8D9w2NeM5QospvHYp7ues - - - 200 21088 text/css 2.8827ms
[2023-02-15 22:32:02.564 +04:00  INF]  Request starting HTTP/2 GET https://localhost:7254/_vs/browserLink - -
[2023-02-15 22:32:02.564 +04:00  INF]  Request finished HTTP/2 GET https://localhost:7254/_framework/aspnetcore-browser-refresh.js - - - 200 12002 application/javascript;+charset=utf-8 0.5001ms
[2023-02-15 22:32:02.564 +04:00  INF]  Sending file. Request path: '/lib/bootstrap/dist/css/bootstrap.min.css'. Physical path: 'C:\Users\User\Desktop\New folder (3)\Presentation\InstantBites.MVC\wwwroot\lib\bootstrap\dist\css\bootstrap.min.css'
[2023-02-15 22:32:02.564 +04:00  INF]  Request finished HTTP/2 GET https://localhost:7254/lib/bootstrap/dist/css/bootstrap.min.css - - - 200 162726 text/css 3.7668ms
[2023-02-15 22:32:02.568 +04:00  INF]  Request finished HTTP/2 GET https://localhost:7254/_vs/browserLink - - - 200 - text/javascript;+charset=UTF-8 4.5600ms
[2023-02-15 22:32:05.455 +04:00  INF]  Request starting HTTP/2 GET https://localhost:7254/Admin/Restaurant - -
[2023-02-15 22:32:05.457 +04:00  INF]  Executing endpoint 'InstantBites.MVC.Areas.Admin.Controllers.RestaurantController.GetAll (InstantBites.MVC)'
[2023-02-15 22:32:05.459 +04:00  INF]  Route matched with {area = "Admin", action = "GetAll", controller = "Restaurant"}. Executing controller action with signature System.Threading.Tasks.Task`1[Microsoft.AspNetCore.Mvc.IActionResult] GetAll(InstantBites.Application.Features.Queries.Restaurants.GetAllRestaurants.GetAllRestaurantsQueryRequest) on controller InstantBites.MVC.Areas.Admin.Controllers.RestaurantController (InstantBites.MVC).
[2023-02-15 22:32:05.468 +04:00  INF]  Executed DbCommand (1ms) [Parameters=[], CommandType='"Text"', CommandTimeout='30']
SELECT [r].[Id], [r].[CreatedTime], [r].[Description], [r].[Name], [r].[RestaurantLocationId], [r].[SavedFileName], [r].[SavedUrl], [r].[SignedUrl], [r].[UpdatedTime]
FROM [Restaurants] AS [r]
[2023-02-15 22:32:05.480 +04:00  INF]  Executing ViewResult, running view GetAll.
[2023-02-15 22:32:05.499 +04:00  INF]  Executed ViewResult - view GetAll executed in 19.4705ms.
[2023-02-15 22:32:05.500 +04:00  INF]  Executed action InstantBites.MVC.Areas.Admin.Controllers.RestaurantController.GetAll (InstantBites.MVC) in 40.1335ms
[2023-02-15 22:32:05.500 +04:00  INF]  Executed endpoint 'InstantBites.MVC.Areas.Admin.Controllers.RestaurantController.GetAll (InstantBites.MVC)'
[2023-02-15 22:32:05.501 +04:00  INF]  Request finished HTTP/2 GET https://localhost:7254/Admin/Restaurant - - - 200 - text/html;+charset=utf-8 46.3375ms
[2023-02-15 22:32:05.510 +04:00  INF]  Request starting HTTP/2 GET https://localhost:7254/_vs/browserLink - -
[2023-02-15 22:32:05.510 +04:00  INF]  Request starting HTTP/2 GET https://localhost:7254/_framework/aspnetcore-browser-refresh.js - -
[2023-02-15 22:32:05.511 +04:00  INF]  Request finished HTTP/2 GET https://localhost:7254/_framework/aspnetcore-browser-refresh.js - - - 200 12002 application/javascript;+charset=utf-8 0.5520ms
[2023-02-15 22:32:05.516 +04:00  INF]  Request finished HTTP/2 GET https://localhost:7254/_vs/browserLink - - - 200 - text/javascript;+charset=UTF-8 6.2635ms
[2023-02-15 22:32:09.437 +04:00  INF]  Request starting HTTP/2 GET https://localhost:7254/Admin/Order - -
[2023-02-15 22:32:09.440 +04:00  INF]  Executing endpoint 'InstantBites.MVC.Areas.Admin.Controllers.OrderController.GetAll (InstantBites.MVC)'
[2023-02-15 22:32:09.442 +04:00  INF]  Route matched with {area = "Admin", action = "GetAll", controller = "Order"}. Executing controller action with signature System.Threading.Tasks.Task`1[Microsoft.AspNetCore.Mvc.IActionResult] GetAll(InstantBites.Application.Features.Queries.Orders.GetAllOrders.GetAllOrdersQueryRequest) on controller InstantBites.MVC.Areas.Admin.Controllers.OrderController (InstantBites.MVC).
[2023-02-15 22:32:09.447 +04:00  INF]  Executed DbCommand (0ms) [Parameters=[], CommandType='"Text"', CommandTimeout='30']
SELECT [o].[Id], [o].[CategoryId], [o].[CreatedTime], [o].[Description], [o].[Name], [o].[Price], [o].[RestaurantId], [o].[SavedFileName], [o].[SavedUrl], [o].[SignedUrl], [o].[TotalCalories], [o].[TotalWeight], [o].[UpdatedTime]
FROM [Orders] AS [o]
[2023-02-15 22:32:09.449 +04:00  INF]  Executed DbCommand (0ms) [Parameters=[], CommandType='"Text"', CommandTimeout='30']
SELECT [r].[Id], [r].[CreatedTime], [r].[Description], [r].[Name], [r].[RestaurantLocationId], [r].[SavedFileName], [r].[SavedUrl], [r].[SignedUrl], [r].[UpdatedTime]
FROM [Restaurants] AS [r]
[2023-02-15 22:32:09.462 +04:00  INF]  Executed DbCommand (1ms) [Parameters=[], CommandType='"Text"', CommandTimeout='30']
SELECT [o].[Id], [o].[CreatedTime], [o].[Name], [o].[UpdatedTime]
FROM [OrderCategories] AS [o]
[2023-02-15 22:32:09.473 +04:00  INF]  Executed DbCommand (0ms) [Parameters=[], CommandType='"Text"', CommandTimeout='30']
SELECT [m].[Id], [m].[Calories], [m].[CreatedTime], [m].[MealCategoryId], [m].[Name], [m].[SavedFileName], [m].[SavedUrl], [m].[SignedUrl], [m].[UpdatedTime], [m].[Weight]
FROM [Meals] AS [m]
[2023-02-15 22:32:09.478 +04:00  INF]  Executing ViewResult, running view GetAll.
[2023-02-15 22:32:09.505 +04:00  INF]  Executed ViewResult - view GetAll executed in 27.4476ms.
[2023-02-15 22:32:09.505 +04:00  INF]  Executed action InstantBites.MVC.Areas.Admin.Controllers.OrderController.GetAll (InstantBites.MVC) in 62.9951ms
[2023-02-15 22:32:09.505 +04:00  INF]  Executed endpoint 'InstantBites.MVC.Areas.Admin.Controllers.OrderController.GetAll (InstantBites.MVC)'
[2023-02-15 22:32:09.507 +04:00  INF]  Request finished HTTP/2 GET https://localhost:7254/Admin/Order - - - 200 - text/html;+charset=utf-8 69.5263ms
[2023-02-15 22:32:09.533 +04:00  INF]  Request starting HTTP/2 GET https://localhost:7254/lib/chosen/chosen.jquery.js - -
[2023-02-15 22:32:09.533 +04:00  INF]  Request starting HTTP/2 GET https://localhost:7254/lib/chosen/chosen.jquery.min.js - -
[2023-02-15 22:32:09.534 +04:00  INF]  Request starting HTTP/2 GET https://localhost:7254/lib/chosen/chosen.proto.min.js - -
[2023-02-15 22:32:09.534 +04:00  INF]  Request starting HTTP/2 GET https://localhost:7254/lib/chosen/chosen.proto.js - -
[2023-02-15 22:32:09.534 +04:00  INF]  Request starting HTTP/2 GET https://localhost:7254/lib/chosen/chosen.min.css - -
[2023-02-15 22:32:09.535 +04:00  INF]  Request starting HTTP/2 GET https://localhost:7254/_framework/aspnetcore-browser-refresh.js - -
[2023-02-15 22:32:09.535 +04:00  INF]  Request starting HTTP/2 GET https://localhost:7254/lib/chosen/chosen.css - -
[2023-02-15 22:32:09.535 +04:00  INF]  Request starting HTTP/2 GET https://localhost:7254/_vs/browserLink - -
[2023-02-15 22:32:09.537 +04:00  INF]  Request finished HTTP/2 GET https://localhost:7254/_framework/aspnetcore-browser-refresh.js - - - 200 12002 application/javascript;+charset=utf-8 0.6871ms
[2023-02-15 22:32:09.538 +04:00  INF]  Request finished HTTP/2 GET https://localhost:7254/lib/chosen/chosen.min.css - - - 404 0 - 3.9533ms
[2023-02-15 22:32:09.538 +04:00  INF]  Request finished HTTP/2 GET https://localhost:7254/lib/chosen/chosen.jquery.js - - - 404 0 - 5.4889ms
[2023-02-15 22:32:09.538 +04:00  INF]  Request finished HTTP/2 GET https://localhost:7254/lib/chosen/chosen.proto.min.js - - - 404 0 - 4.1668ms
[2023-02-15 22:32:09.538 +04:00  INF]  Request finished HTTP/2 GET https://localhost:7254/lib/chosen/chosen.proto.js - - - 404 0 - 4.0578ms
[2023-02-15 22:32:09.538 +04:00  INF]  Request finished HTTP/2 GET https://localhost:7254/lib/chosen/chosen.css - - - 404 0 - 3.7998ms
[2023-02-15 22:32:09.538 +04:00  INF]  Request finished HTTP/2 GET https://localhost:7254/lib/chosen/chosen.jquery.min.js - - - 404 0 - 5.4767ms
[2023-02-15 22:32:09.540 +04:00  INF]  Request finished HTTP/2 GET https://localhost:7254/_vs/browserLink - - - 200 - text/javascript;+charset=UTF-8 5.1508ms
[2023-02-15 22:32:13.086 +04:00  INF]  Request starting HTTP/2 GET https://localhost:7254/Admin/Meal - -
[2023-02-15 22:32:13.087 +04:00  INF]  Executing endpoint 'InstantBites.MVC.Areas.Admin.Controllers.MealController.GetAll (InstantBites.MVC)'
[2023-02-15 22:32:13.091 +04:00  INF]  Route matched with {area = "Admin", action = "GetAll", controller = "Meal"}. Executing controller action with signature System.Threading.Tasks.Task`1[Microsoft.AspNetCore.Mvc.IActionResult] GetAll(InstantBites.Application.Features.Queries.Meals.GetAllMeals.GetAllMealsQueryRequest) on controller InstantBites.MVC.Areas.Admin.Controllers.MealController (InstantBites.MVC).
[2023-02-15 22:32:13.097 +04:00  INF]  Executed DbCommand (0ms) [Parameters=[], CommandType='"Text"', CommandTimeout='30']
SELECT [m].[Id], [m].[Calories], [m].[CreatedTime], [m].[MealCategoryId], [m].[Name], [m].[SavedFileName], [m].[SavedUrl], [m].[SignedUrl], [m].[UpdatedTime], [m].[Weight]
FROM [Meals] AS [m]
[2023-02-15 22:32:13.101 +04:00  INF]  Executed DbCommand (0ms) [Parameters=[], CommandType='"Text"', CommandTimeout='30']
SELECT [m].[Id], [m].[CreatedTime], [m].[Name], [m].[UpdatedTime]
FROM [MealCategories] AS [m]
[2023-02-15 22:32:13.104 +04:00  INF]  Executing ViewResult, running view GetAll.
[2023-02-15 22:32:13.123 +04:00  INF]  Executed ViewResult - view GetAll executed in 19.6542ms.
[2023-02-15 22:32:13.123 +04:00  INF]  Executed action InstantBites.MVC.Areas.Admin.Controllers.MealController.GetAll (InstantBites.MVC) in 31.9662ms
[2023-02-15 22:32:13.123 +04:00  INF]  Executed endpoint 'InstantBites.MVC.Areas.Admin.Controllers.MealController.GetAll (InstantBites.MVC)'
[2023-02-15 22:32:13.125 +04:00  INF]  Request finished HTTP/2 GET https://localhost:7254/Admin/Meal - - - 200 - text/html;+charset=utf-8 38.8928ms
[2023-02-15 22:32:13.134 +04:00  INF]  Request starting HTTP/2 GET https://localhost:7254/_vs/browserLink - -
[2023-02-15 22:32:13.134 +04:00  INF]  Request starting HTTP/2 GET https://localhost:7254/_framework/aspnetcore-browser-refresh.js - -
[2023-02-15 22:32:13.135 +04:00  INF]  Request finished HTTP/2 GET https://localhost:7254/_framework/aspnetcore-browser-refresh.js - - - 200 12002 application/javascript;+charset=utf-8 0.6076ms
[2023-02-15 22:32:13.139 +04:00  INF]  Request finished HTTP/2 GET https://localhost:7254/_vs/browserLink - - - 200 - text/javascript;+charset=UTF-8 5.1579ms
[2023-02-15 22:32:21.670 +04:00  INF]  Request starting HTTP/2 GET https://localhost:7254/Admin/Order - -
[2023-02-15 22:32:21.671 +04:00  INF]  Executing endpoint 'InstantBites.MVC.Areas.Admin.Controllers.OrderController.GetAll (InstantBites.MVC)'
[2023-02-15 22:32:21.671 +04:00  INF]  Route matched with {area = "Admin", action = "GetAll", controller = "Order"}. Executing controller action with signature System.Threading.Tasks.Task`1[Microsoft.AspNetCore.Mvc.IActionResult] GetAll(InstantBites.Application.Features.Queries.Orders.GetAllOrders.GetAllOrdersQueryRequest) on controller InstantBites.MVC.Areas.Admin.Controllers.OrderController (InstantBites.MVC).
[2023-02-15 22:32:21.677 +04:00  INF]  Executed DbCommand (0ms) [Parameters=[], CommandType='"Text"', CommandTimeout='30']
SELECT [o].[Id], [o].[CategoryId], [o].[CreatedTime], [o].[Description], [o].[Name], [o].[Price], [o].[RestaurantId], [o].[SavedFileName], [o].[SavedUrl], [o].[SignedUrl], [o].[TotalCalories], [o].[TotalWeight], [o].[UpdatedTime]
FROM [Orders] AS [o]
[2023-02-15 22:32:21.680 +04:00  INF]  Executed DbCommand (0ms) [Parameters=[], CommandType='"Text"', CommandTimeout='30']
SELECT [r].[Id], [r].[CreatedTime], [r].[Description], [r].[Name], [r].[RestaurantLocationId], [r].[SavedFileName], [r].[SavedUrl], [r].[SignedUrl], [r].[UpdatedTime]
FROM [Restaurants] AS [r]
[2023-02-15 22:32:21.683 +04:00  INF]  Executed DbCommand (0ms) [Parameters=[], CommandType='"Text"', CommandTimeout='30']
SELECT [o].[Id], [o].[CreatedTime], [o].[Name], [o].[UpdatedTime]
FROM [OrderCategories] AS [o]
[2023-02-15 22:32:21.685 +04:00  INF]  Executed DbCommand (0ms) [Parameters=[], CommandType='"Text"', CommandTimeout='30']
SELECT [m].[Id], [m].[Calories], [m].[CreatedTime], [m].[MealCategoryId], [m].[Name], [m].[SavedFileName], [m].[SavedUrl], [m].[SignedUrl], [m].[UpdatedTime], [m].[Weight]
FROM [Meals] AS [m]
[2023-02-15 22:32:21.686 +04:00  INF]  Executing ViewResult, running view GetAll.
[2023-02-15 22:32:21.689 +04:00  INF]  Executed ViewResult - view GetAll executed in 3.7677ms.
[2023-02-15 22:32:21.689 +04:00  INF]  Executed action InstantBites.MVC.Areas.Admin.Controllers.OrderController.GetAll (InstantBites.MVC) in 18.4531ms
[2023-02-15 22:32:21.689 +04:00  INF]  Executed endpoint 'InstantBites.MVC.Areas.Admin.Controllers.OrderController.GetAll (InstantBites.MVC)'
[2023-02-15 22:32:21.691 +04:00  INF]  Request finished HTTP/2 GET https://localhost:7254/Admin/Order - - - 200 - text/html;+charset=utf-8 21.5711ms
[2023-02-15 22:32:21.700 +04:00  INF]  Request starting HTTP/2 GET https://localhost:7254/lib/chosen/chosen.jquery.min.js - -
[2023-02-15 22:32:21.701 +04:00  INF]  Request finished HTTP/2 GET https://localhost:7254/lib/chosen/chosen.jquery.min.js - - - 404 0 - 1.3259ms
[2023-02-15 22:32:21.704 +04:00  INF]  Request starting HTTP/2 GET https://localhost:7254/lib/chosen/chosen.jquery.js - -
[2023-02-15 22:32:21.704 +04:00  INF]  Request starting HTTP/2 GET https://localhost:7254/lib/chosen/chosen.proto.min.js - -
[2023-02-15 22:32:21.705 +04:00  INF]  Request starting HTTP/2 GET https://localhost:7254/lib/chosen/chosen.proto.js - -
[2023-02-15 22:32:21.705 +04:00  INF]  Request starting HTTP/2 GET https://localhost:7254/lib/chosen/chosen.min.css - -
[2023-02-15 22:32:21.705 +04:00  INF]  Request starting HTTP/2 GET https://localhost:7254/lib/chosen/chosen.css - -
[2023-02-15 22:32:21.705 +04:00  INF]  Request starting HTTP/2 GET https://localhost:7254/_framework/aspnetcore-browser-refresh.js - -
[2023-02-15 22:32:21.705 +04:00  INF]  Request starting HTTP/2 GET https://localhost:7254/_vs/browserLink - -
[2023-02-15 22:32:21.706 +04:00  INF]  Request finished HTTP/2 GET https://localhost:7254/_framework/aspnetcore-browser-refresh.js - - - 200 12002 application/javascript;+charset=utf-8 0.7161ms
[2023-02-15 22:32:21.707 +04:00  INF]  Request finished HTTP/2 GET https://localhost:7254/lib/chosen/chosen.proto.js - - - 404 0 - 2.5864ms
[2023-02-15 22:32:21.707 +04:00  INF]  Request finished HTTP/2 GET https://localhost:7254/lib/chosen/chosen.min.css - - - 404 0 - 2.5364ms
[2023-02-15 22:32:21.707 +04:00  INF]  Request finished HTTP/2 GET https://localhost:7254/lib/chosen/chosen.jquery.js - - - 404 0 - 3.2020ms
[2023-02-15 22:32:21.707 +04:00  INF]  Request finished HTTP/2 GET https://localhost:7254/lib/chosen/chosen.proto.min.js - - - 404 0 - 2.7643ms
[2023-02-15 22:32:21.707 +04:00  INF]  Request finished HTTP/2 GET https://localhost:7254/lib/chosen/chosen.css - - - 404 0 - 2.2938ms
[2023-02-15 22:32:21.710 +04:00  INF]  Request finished HTTP/2 GET https://localhost:7254/_vs/browserLink - - - 200 - text/javascript;+charset=UTF-8 5.2982ms
[2023-02-15 22:32:22.812 +04:00  INF]  Request starting HTTP/2 GET https://localhost:7254/Admin/Restaurant - -
[2023-02-15 22:32:22.814 +04:00  INF]  Executing endpoint 'InstantBites.MVC.Areas.Admin.Controllers.RestaurantController.GetAll (InstantBites.MVC)'
[2023-02-15 22:32:22.814 +04:00  INF]  Route matched with {area = "Admin", action = "GetAll", controller = "Restaurant"}. Executing controller action with signature System.Threading.Tasks.Task`1[Microsoft.AspNetCore.Mvc.IActionResult] GetAll(InstantBites.Application.Features.Queries.Restaurants.GetAllRestaurants.GetAllRestaurantsQueryRequest) on controller InstantBites.MVC.Areas.Admin.Controllers.RestaurantController (InstantBites.MVC).
[2023-02-15 22:32:22.818 +04:00  INF]  Executed DbCommand (0ms) [Parameters=[], CommandType='"Text"', CommandTimeout='30']
SELECT [r].[Id], [r].[CreatedTime], [r].[Description], [r].[Name], [r].[RestaurantLocationId], [r].[SavedFileName], [r].[SavedUrl], [r].[SignedUrl], [r].[UpdatedTime]
FROM [Restaurants] AS [r]
[2023-02-15 22:32:22.819 +04:00  INF]  Executing ViewResult, running view GetAll.
[2023-02-15 22:32:22.824 +04:00  INF]  Executed ViewResult - view GetAll executed in 4.9367ms.
[2023-02-15 22:32:22.824 +04:00  INF]  Executed action InstantBites.MVC.Areas.Admin.Controllers.RestaurantController.GetAll (InstantBites.MVC) in 9.5947ms
[2023-02-15 22:32:22.824 +04:00  INF]  Executed endpoint 'InstantBites.MVC.Areas.Admin.Controllers.RestaurantController.GetAll (InstantBites.MVC)'
[2023-02-15 22:32:22.825 +04:00  INF]  Request finished HTTP/2 GET https://localhost:7254/Admin/Restaurant - - - 200 - text/html;+charset=utf-8 13.2211ms
[2023-02-15 22:32:22.833 +04:00  INF]  Request starting HTTP/2 GET https://localhost:7254/_vs/browserLink - -
[2023-02-15 22:32:22.833 +04:00  INF]  Request starting HTTP/2 GET https://localhost:7254/_framework/aspnetcore-browser-refresh.js - -
[2023-02-15 22:32:22.833 +04:00  INF]  Request finished HTTP/2 GET https://localhost:7254/_framework/aspnetcore-browser-refresh.js - - - 200 12002 application/javascript;+charset=utf-8 0.3521ms
[2023-02-15 22:32:22.837 +04:00  INF]  Request finished HTTP/2 GET https://localhost:7254/_vs/browserLink - - - 200 - text/javascript;+charset=UTF-8 4.0608ms
[2023-02-15 22:32:23.325 +04:00  INF]  Request starting HTTP/2 GET https://localhost:7254/Admin - -
[2023-02-15 22:32:23.326 +04:00  INF]  Executing endpoint 'InstantBites.MVC.Areas.Admin.Controllers.MealCategoryController.GetAll (InstantBites.MVC)'
[2023-02-15 22:32:23.326 +04:00  INF]  Route matched with {area = "Admin", action = "GetAll", controller = "MealCategory"}. Executing controller action with signature System.Threading.Tasks.Task`1[Microsoft.AspNetCore.Mvc.IActionResult] GetAll(InstantBites.Application.Features.Queries.MealCategories.GetAllMealCategories.GetAllMealCategoriesQueryRequest) on controller InstantBites.MVC.Areas.Admin.Controllers.MealCategoryController (InstantBites.MVC).
[2023-02-15 22:32:23.330 +04:00  INF]  Executed DbCommand (0ms) [Parameters=[], CommandType='"Text"', CommandTimeout='30']
SELECT [m].[Id], [m].[CreatedTime], [m].[Name], [m].[UpdatedTime]
FROM [MealCategories] AS [m]
[2023-02-15 22:32:23.330 +04:00  INF]  Executing ViewResult, running view GetAll.
[2023-02-15 22:32:23.334 +04:00  INF]  Executed ViewResult - view GetAll executed in 3.9981ms.
[2023-02-15 22:32:23.334 +04:00  INF]  Executed action InstantBites.MVC.Areas.Admin.Controllers.MealCategoryController.GetAll (InstantBites.MVC) in 7.657ms
[2023-02-15 22:32:23.334 +04:00  INF]  Executed endpoint 'InstantBites.MVC.Areas.Admin.Controllers.MealCategoryController.GetAll (InstantBites.MVC)'
[2023-02-15 22:32:23.336 +04:00  INF]  Request finished HTTP/2 GET https://localhost:7254/Admin - - - 200 - text/html;+charset=utf-8 10.8747ms
[2023-02-15 22:32:23.343 +04:00  INF]  Request starting HTTP/2 GET https://localhost:7254/_framework/aspnetcore-browser-refresh.js - -
[2023-02-15 22:32:23.343 +04:00  INF]  Request finished HTTP/2 GET https://localhost:7254/_framework/aspnetcore-browser-refresh.js - - - 200 12002 application/javascript;+charset=utf-8 0.2961ms
[2023-02-15 22:32:23.852 +04:00  INF]  Request starting HTTP/2 GET https://localhost:7254/admin - -
[2023-02-15 22:32:23.854 +04:00  INF]  Executing endpoint 'InstantBites.MVC.Areas.Admin.Controllers.MealCategoryController.GetAll (InstantBites.MVC)'
[2023-02-15 22:32:23.854 +04:00  INF]  Route matched with {area = "Admin", action = "GetAll", controller = "MealCategory"}. Executing controller action with signature System.Threading.Tasks.Task`1[Microsoft.AspNetCore.Mvc.IActionResult] GetAll(InstantBites.Application.Features.Queries.MealCategories.GetAllMealCategories.GetAllMealCategoriesQueryRequest) on controller InstantBites.MVC.Areas.Admin.Controllers.MealCategoryController (InstantBites.MVC).
[2023-02-15 22:32:23.857 +04:00  INF]  Executed DbCommand (0ms) [Parameters=[], CommandType='"Text"', CommandTimeout='30']
SELECT [m].[Id], [m].[CreatedTime], [m].[Name], [m].[UpdatedTime]
FROM [MealCategories] AS [m]
[2023-02-15 22:32:23.857 +04:00  INF]  Executing ViewResult, running view GetAll.
[2023-02-15 22:32:23.862 +04:00  INF]  Executed ViewResult - view GetAll executed in 4.4203ms.
[2023-02-15 22:32:23.862 +04:00  INF]  Executed action InstantBites.MVC.Areas.Admin.Controllers.MealCategoryController.GetAll (InstantBites.MVC) in 8.0211ms
[2023-02-15 22:32:23.862 +04:00  INF]  Executed endpoint 'InstantBites.MVC.Areas.Admin.Controllers.MealCategoryController.GetAll (InstantBites.MVC)'
[2023-02-15 22:32:23.863 +04:00  INF]  Request finished HTTP/2 GET https://localhost:7254/admin - - - 200 - text/html;+charset=utf-8 11.2965ms
[2023-02-15 22:32:23.870 +04:00  INF]  Request starting HTTP/2 GET https://localhost:7254/_framework/aspnetcore-browser-refresh.js - -
[2023-02-15 22:32:23.870 +04:00  INF]  Request finished HTTP/2 GET https://localhost:7254/_framework/aspnetcore-browser-refresh.js - - - 200 12002 application/javascript;+charset=utf-8 0.3138ms
[2023-02-15 22:32:25.108 +04:00  INF]  Request starting HTTP/2 GET https://localhost:7254/ - -
[2023-02-15 22:32:25.109 +04:00  INF]  Executing endpoint 'InstantBites.MVC.Controllers.HomeController.Index (InstantBites.MVC)'
[2023-02-15 22:32:25.109 +04:00  INF]  Route matched with {action = "Index", controller = "Home", area = ""}. Executing controller action with signature System.Threading.Tasks.Task`1[Microsoft.AspNetCore.Mvc.IActionResult] Index() on controller InstantBites.MVC.Controllers.HomeController (InstantBites.MVC).
[2023-02-15 22:32:25.109 +04:00  INF]  Executing ViewResult, running view Index.
[2023-02-15 22:32:25.113 +04:00  INF]  Executed DbCommand (1ms) [Parameters=[@__p_0='?' (Size = 450)], CommandType='"Text"', CommandTimeout='30']
SELECT TOP(1) [a].[Id], [a].[AccessFailedCount], [a].[Active], [a].[Balance], [a].[ClientLocationId], [a].[ConcurrencyStamp], [a].[CreatedTime], [a].[Email], [a].[EmailConfirmed], [a].[LockoutEnabled], [a].[LockoutEnd], [a].[Name], [a].[NormalizedEmail], [a].[NormalizedUserName], [a].[PasswordHash], [a].[PhoneNumber], [a].[PhoneNumberConfirmed], [a].[SavedFileName], [a].[SavedUrl], [a].[SecurityStamp], [a].[SignedUrl], [a].[Surname], [a].[TwoFactorEnabled], [a].[UpdatedTime], [a].[UserName]
FROM [AspNetUsers] AS [a]
WHERE [a].[Id] = @__p_0
[2023-02-15 22:32:25.116 +04:00  INF]  Executed ViewResult - view Index executed in 7.1283ms.
[2023-02-15 22:32:25.116 +04:00  INF]  Executed action InstantBites.MVC.Controllers.HomeController.Index (InstantBites.MVC) in 7.2709ms
[2023-02-15 22:32:25.116 +04:00  INF]  Executed endpoint 'InstantBites.MVC.Controllers.HomeController.Index (InstantBites.MVC)'
[2023-02-15 22:32:25.117 +04:00  INF]  Request finished HTTP/2 GET https://localhost:7254/ - - - 200 - text/html;+charset=utf-8 9.5969ms
[2023-02-15 22:32:25.123 +04:00  INF]  Request starting HTTP/2 GET https://localhost:7254/css/main-layout.css?v=SVDgIE3Q0KkSZnQLd6H7Gk7e_wDf7jPEKwTe0ciFiok - -
[2023-02-15 22:32:25.125 +04:00  INF]  Sending file. Request path: '/css/main-layout.css'. Physical path: 'C:\Users\User\Desktop\New folder (3)\Presentation\InstantBites.MVC\wwwroot\css\main-layout.css'
[2023-02-15 22:32:25.125 +04:00  INF]  Request starting HTTP/2 GET https://localhost:7254/_vs/browserLink - -
[2023-02-15 22:32:25.125 +04:00  INF]  Request finished HTTP/2 GET https://localhost:7254/css/main-layout.css?v=SVDgIE3Q0KkSZnQLd6H7Gk7e_wDf7jPEKwTe0ciFiok - - - 200 15950 text/css 1.6639ms
[2023-02-15 22:32:25.126 +04:00  INF]  Request starting HTTP/2 GET https://localhost:7254/_framework/aspnetcore-browser-refresh.js - -
[2023-02-15 22:32:25.126 +04:00  INF]  Request finished HTTP/2 GET https://localhost:7254/_framework/aspnetcore-browser-refresh.js - - - 200 12002 application/javascript;+charset=utf-8 0.2997ms
[2023-02-15 22:32:25.129 +04:00  INF]  Request finished HTTP/2 GET https://localhost:7254/_vs/browserLink - - - 200 - text/javascript;+charset=UTF-8 3.9733ms
[2023-02-15 22:32:36.491 +04:00  INF]  Request starting HTTP/2 GET https://localhost:7254/lib/bootstrap/dist/js/bootstrap.bundle.min.js.map - -
[2023-02-15 22:32:36.506 +04:00  INF]  Sending file. Request path: '/lib/bootstrap/dist/js/bootstrap.bundle.min.js.map'. Physical path: 'C:\Users\User\Desktop\New folder (3)\Presentation\InstantBites.MVC\wwwroot\lib\bootstrap\dist\js\bootstrap.bundle.min.js.map'
[2023-02-15 22:32:36.506 +04:00  INF]  Request finished HTTP/2 GET https://localhost:7254/lib/bootstrap/dist/js/bootstrap.bundle.min.js.map - - - 200 327261 text/plain 14.6349ms
[2023-02-15 22:33:02.390 +04:00  INF]  Request starting HTTP/2 GET https://localhost:7254/Home/GetAll - -
[2023-02-15 22:33:02.391 +04:00  INF]  Executing endpoint 'InstantBites.MVC.Controllers.HomeController.GetAll (InstantBites.MVC)'
[2023-02-15 22:33:02.391 +04:00  INF]  Route matched with {action = "GetAll", controller = "Home", area = ""}. Executing controller action with signature System.Threading.Tasks.Task`1[Microsoft.AspNetCore.Mvc.IActionResult] GetAll() on controller InstantBites.MVC.Controllers.HomeController (InstantBites.MVC).
[2023-02-15 22:33:02.394 +04:00  INF]  Executed DbCommand (0ms) [Parameters=[], CommandType='"Text"', CommandTimeout='30']
SELECT [o].[Id], [o].[CategoryId], [o].[CreatedTime], [o].[Description], [o].[Name], [o].[Price], [o].[RestaurantId], [o].[SavedFileName], [o].[SavedUrl], [o].[SignedUrl], [o].[TotalCalories], [o].[TotalWeight], [o].[UpdatedTime]
FROM [Orders] AS [o]
[2023-02-15 22:33:02.394 +04:00  INF]  Executing ViewResult, running view GetAll.
[2023-02-15 22:33:02.396 +04:00  INF]  Executed DbCommand (0ms) [Parameters=[@__p_0='?' (Size = 450)], CommandType='"Text"', CommandTimeout='30']
SELECT TOP(1) [a].[Id], [a].[AccessFailedCount], [a].[Active], [a].[Balance], [a].[ClientLocationId], [a].[ConcurrencyStamp], [a].[CreatedTime], [a].[Email], [a].[EmailConfirmed], [a].[LockoutEnabled], [a].[LockoutEnd], [a].[Name], [a].[NormalizedEmail], [a].[NormalizedUserName], [a].[PasswordHash], [a].[PhoneNumber], [a].[PhoneNumberConfirmed], [a].[SavedFileName], [a].[SavedUrl], [a].[SecurityStamp], [a].[SignedUrl], [a].[Surname], [a].[TwoFactorEnabled], [a].[UpdatedTime], [a].[UserName]
FROM [AspNetUsers] AS [a]
WHERE [a].[Id] = @__p_0
[2023-02-15 22:33:02.399 +04:00  INF]  Executed ViewResult - view GetAll executed in 5.0131ms.
[2023-02-15 22:33:02.399 +04:00  INF]  Executed action InstantBites.MVC.Controllers.HomeController.GetAll (InstantBites.MVC) in 7.603ms
[2023-02-15 22:33:02.399 +04:00  INF]  Executed endpoint 'InstantBites.MVC.Controllers.HomeController.GetAll (InstantBites.MVC)'
[2023-02-15 22:33:02.402 +04:00  INF]  Request finished HTTP/2 GET https://localhost:7254/Home/GetAll - - - 200 - text/html;+charset=utf-8 12.4711ms
[2023-02-15 22:33:02.410 +04:00  INF]  Request starting HTTP/2 GET https://localhost:7254/css/reset.css - -
[2023-02-15 22:33:02.411 +04:00  INF]  Request starting HTTP/2 GET https://localhost:7254/css/main-layout.css?v=SVDgIE3Q0KkSZnQLd6H7Gk7e_wDf7jPEKwTe0ciFiok - -
[2023-02-15 22:33:02.411 +04:00  INF]  Request starting HTTP/2 GET https://localhost:7254/css/reset.css?v=gbhOaBbEr8bS1zqF6ZUMIZfkrXcoYd9UsYGknG3IRsc - -
[2023-02-15 22:33:02.411 +04:00  INF]  Request starting HTTP/2 GET https://localhost:7254/InstantBites.MVC.styles.css?v=Z2_n4tV0aFGWkMeu3EHuaT6XXfzOBX2YkhPqZ5Y5osk - -
[2023-02-15 22:33:02.412 +04:00  INF]  Sending file. Request path: '/InstantBites.MVC.styles.css'. Physical path: 'C:\Users\User\Desktop\New folder (3)\Presentation\InstantBites.MVC\obj\Debug\net6.0\scopedcss\bundle\InstantBites.MVC.styles.css'
[2023-02-15 22:33:02.412 +04:00  INF]  Sending file. Request path: '/css/main-layout.css'. Physical path: 'C:\Users\User\Desktop\New folder (3)\Presentation\InstantBites.MVC\wwwroot\css\main-layout.css'
[2023-02-15 22:33:02.412 +04:00  INF]  Request finished HTTP/2 GET https://localhost:7254/InstantBites.MVC.styles.css?v=Z2_n4tV0aFGWkMeu3EHuaT6XXfzOBX2YkhPqZ5Y5osk - - - 200 1133 text/css 1.1608ms
[2023-02-15 22:33:02.412 +04:00  INF]  Request finished HTTP/2 GET https://localhost:7254/css/main-layout.css?v=SVDgIE3Q0KkSZnQLd6H7Gk7e_wDf7jPEKwTe0ciFiok - - - 200 15950 text/css 1.3550ms
[2023-02-15 22:33:02.417 +04:00  INF]  Request starting HTTP/2 GET https://localhost:7254/lib/jquery/dist/jquery.min.js - -
[2023-02-15 22:33:02.418 +04:00  INF]  Request starting HTTP/2 GET https://localhost:7254/lib/bootstrap/dist/js/bootstrap.bundle.min.js - -
[2023-02-15 22:33:02.419 +04:00  INF]  Request starting HTTP/2 GET https://localhost:7254/js/site.js?v=4q1jwFhaPaZgr8WAUSrux6hAuh0XDg9kPS3xIVq36I0 - -
[2023-02-15 22:33:02.420 +04:00  INF]  Request starting HTTP/2 GET https://localhost:7254/_framework/aspnetcore-browser-refresh.js - -
[2023-02-15 22:33:02.429 +04:00  INF]  Request finished HTTP/2 GET https://localhost:7254/_framework/aspnetcore-browser-refresh.js - - - 200 12002 application/javascript;+charset=utf-8 10.1986ms
[2023-02-15 22:33:02.429 +04:00  INF]  Request starting HTTP/2 GET https://localhost:7254/images/logo.png - -
[2023-02-15 22:33:02.442 +04:00  INF]  Request starting HTTP/2 GET https://localhost:7254/_vs/browserLink - -
[2023-02-15 22:33:02.444 +04:00  INF]  Sending file. Request path: '/js/site.js'. Physical path: 'C:\Users\User\Desktop\New folder (3)\Presentation\InstantBites.MVC\wwwroot\js\site.js'
[2023-02-15 22:33:02.449 +04:00  INF]  Sending file. Request path: '/css/reset.css'. Physical path: 'C:\Users\User\Desktop\New folder (3)\Presentation\InstantBites.MVC\wwwroot\css\reset.css'
[2023-02-15 22:33:02.449 +04:00  INF]  Request finished HTTP/2 GET https://localhost:7254/js/site.js?v=4q1jwFhaPaZgr8WAUSrux6hAuh0XDg9kPS3xIVq36I0 - - - 200 230 application/javascript 31.2696ms
[2023-02-15 22:33:02.449 +04:00  INF]  Sending file. Request path: '/lib/jquery/dist/jquery.min.js'. Physical path: 'C:\Users\User\Desktop\New folder (3)\Presentation\InstantBites.MVC\wwwroot\lib\jquery\dist\jquery.min.js'
[2023-02-15 22:33:02.449 +04:00  INF]  Request finished HTTP/2 GET https://localhost:7254/lib/jquery/dist/jquery.min.js - - - 200 89478 application/javascript 32.9314ms
[2023-02-15 22:33:02.451 +04:00  INF]  Sending file. Request path: '/css/reset.css'. Physical path: 'C:\Users\User\Desktop\New folder (3)\Presentation\InstantBites.MVC\wwwroot\css\reset.css'
[2023-02-15 22:33:02.451 +04:00  INF]  Sending file. Request path: '/lib/bootstrap/dist/js/bootstrap.bundle.min.js'. Physical path: 'C:\Users\User\Desktop\New folder (3)\Presentation\InstantBites.MVC\wwwroot\lib\bootstrap\dist\js\bootstrap.bundle.min.js'
[2023-02-15 22:33:02.451 +04:00  INF]  Sending file. Request path: '/images/logo.png'. Physical path: 'C:\Users\User\Desktop\New folder (3)\Presentation\InstantBites.MVC\wwwroot\images\logo.png'
[2023-02-15 22:33:02.453 +04:00  INF]  Request finished HTTP/2 GET https://localhost:7254/css/reset.css - - - 200 738 text/css 41.1707ms
[2023-02-15 22:33:02.453 +04:00  INF]  Request finished HTTP/2 GET https://localhost:7254/lib/bootstrap/dist/js/bootstrap.bundle.min.js - - - 200 78474 application/javascript 35.5002ms
[2023-02-15 22:33:02.453 +04:00  INF]  Request finished HTTP/2 GET https://localhost:7254/images/logo.png - - - 200 50030 image/png 23.8977ms
[2023-02-15 22:33:02.456 +04:00  INF]  Request finished HTTP/2 GET https://localhost:7254/css/reset.css?v=gbhOaBbEr8bS1zqF6ZUMIZfkrXcoYd9UsYGknG3IRsc - - - 200 738 text/css 42.2336ms
[2023-02-15 22:33:02.458 +04:00  INF]  Request finished HTTP/2 GET https://localhost:7254/_vs/browserLink - - - 200 - text/javascript;+charset=UTF-8 16.9512ms
[2023-02-15 22:33:12.059 +04:00  INF]  Request starting HTTP/2 GET https://localhost:7254/home/get/9e868997-2be7-4997-8d5a-4a3b4a7962d6?id=9e868997-2be7-4997-8d5a-4a3b4a7962d6&_=1676485982477 - -
[2023-02-15 22:33:12.060 +04:00  INF]  Executing endpoint 'InstantBites.MVC.Controllers.HomeController.Get (InstantBites.MVC)'
[2023-02-15 22:33:12.060 +04:00  INF]  Route matched with {action = "Get", controller = "Home", area = ""}. Executing controller action with signature System.Threading.Tasks.Task`1[Microsoft.AspNetCore.Mvc.IActionResult] Get(System.String) on controller InstantBites.MVC.Controllers.HomeController (InstantBites.MVC).
[2023-02-15 22:33:12.064 +04:00  INF]  Executed DbCommand (1ms) [Parameters=[@__id_0='?' (Size = 450)], CommandType='"Text"', CommandTimeout='30']
SELECT TOP(1) [o].[Id], [o].[CategoryId], [o].[CreatedTime], [o].[Description], [o].[Name], [o].[Price], [o].[RestaurantId], [o].[SavedFileName], [o].[SavedUrl], [o].[SignedUrl], [o].[TotalCalories], [o].[TotalWeight], [o].[UpdatedTime]
FROM [Orders] AS [o]
WHERE [o].[Id] = @__id_0
[2023-02-15 22:33:12.067 +04:00  INF]  Executed DbCommand (0ms) [Parameters=[@__p_0='?' (Size = 450)], CommandType='"Text"', CommandTimeout='30']
SELECT TOP(1) [a].[Id], [a].[AccessFailedCount], [a].[Active], [a].[Balance], [a].[ClientLocationId], [a].[ConcurrencyStamp], [a].[CreatedTime], [a].[Email], [a].[EmailConfirmed], [a].[LockoutEnabled], [a].[LockoutEnd], [a].[Name], [a].[NormalizedEmail], [a].[NormalizedUserName], [a].[PasswordHash], [a].[PhoneNumber], [a].[PhoneNumberConfirmed], [a].[SavedFileName], [a].[SavedUrl], [a].[SecurityStamp], [a].[SignedUrl], [a].[Surname], [a].[TwoFactorEnabled], [a].[UpdatedTime], [a].[UserName]
FROM [AspNetUsers] AS [a]
WHERE [a].[Id] = @__p_0
[2023-02-15 22:33:12.069 +04:00  INF]  Executed DbCommand (0ms) [Parameters=[@__id_0='?' (Size = 450)], CommandType='"Text"', CommandTimeout='30']
SELECT TOP(1) [o].[Id], [o].[CreatedTime], [o].[Name], [o].[UpdatedTime]
FROM [OrderCategories] AS [o]
WHERE [o].[Id] = @__id_0
[2023-02-15 22:33:12.071 +04:00  INF]  Executed DbCommand (0ms) [Parameters=[@__id_0='?' (Size = 450)], CommandType='"Text"', CommandTimeout='30']
SELECT TOP(1) [r].[Id], [r].[CreatedTime], [r].[Description], [r].[Name], [r].[RestaurantLocationId], [r].[SavedFileName], [r].[SavedUrl], [r].[SignedUrl], [r].[UpdatedTime]
FROM [Restaurants] AS [r]
WHERE [r].[Id] = @__id_0
[2023-02-15 22:33:12.073 +04:00  INF]  Executed DbCommand (0ms) [Parameters=[@__id_0='?' (Size = 450)], CommandType='"Text"', CommandTimeout='30']
SELECT TOP(1) [r].[Id], [r].[CreatedTime], [r].[Latitude], [r].[Longitude], [r].[UpdatedTime]
FROM [RestaurantLocations] AS [r]
WHERE [r].[Id] = @__id_0
[2023-02-15 22:33:12.076 +04:00  INF]  Executed DbCommand (1ms) [Parameters=[], CommandType='"Text"', CommandTimeout='30']
SELECT TOP(1) [c].[Id], [c].[CreatedTime], [c].[Latitude], [c].[Longitude], [c].[UpdatedTime]
FROM [ClientLocations] AS [c]
WHERE 0 = 1
[2023-02-15 22:34:20.768 +04:00  INF]  User profile is available. Using 'C:\Users\User\AppData\Local\ASP.NET\DataProtection-Keys' as key repository and Windows DPAPI to encrypt keys at rest.
[2023-02-15 22:34:22.718 +04:00  INF]  Executed DbCommand (72ms) [Parameters=[@__normalizedName_0='?' (Size = 256)], CommandType='"Text"', CommandTimeout='30']
SELECT TOP(1) [a].[Id], [a].[ConcurrencyStamp], [a].[Name], [a].[NormalizedName]
FROM [AspNetRoles] AS [a]
WHERE [a].[NormalizedName] = @__normalizedName_0
[2023-02-15 22:34:22.830 +04:00  INF]  Executed DbCommand (4ms) [Parameters=[@__normalizedEmail_0='?' (Size = 256)], CommandType='"Text"', CommandTimeout='30']
SELECT TOP(2) [a].[Id], [a].[AccessFailedCount], [a].[Active], [a].[Balance], [a].[ClientLocationId], [a].[ConcurrencyStamp], [a].[CreatedTime], [a].[Email], [a].[EmailConfirmed], [a].[LockoutEnabled], [a].[LockoutEnd], [a].[Name], [a].[NormalizedEmail], [a].[NormalizedUserName], [a].[PasswordHash], [a].[PhoneNumber], [a].[PhoneNumberConfirmed], [a].[SavedFileName], [a].[SavedUrl], [a].[SecurityStamp], [a].[SignedUrl], [a].[Surname], [a].[TwoFactorEnabled], [a].[UpdatedTime], [a].[UserName]
FROM [AspNetUsers] AS [a]
WHERE [a].[NormalizedEmail] = @__normalizedEmail_0
